#
# A fatal error has been detected by the Java Runtime Environment:
#
#  SIGSEGV (0xb) at pc=0x00007f59c3fe886f, pid=15881, tid=15891
#
# JRE version: OpenJDK Runtime Environment Temurin-21.0.8+9 (21.0.8+9) (build 21.0.8+9-LTS)
# Java VM: OpenJDK 64-Bit Server VM Temurin-21.0.8+9 (21.0.8+9-LTS, mixed mode, sharing, tiered, compressed oops, compressed class ptrs, parallel gc, linux-amd64)
# Problematic frame:
# V  [libjvm.so+0xbd686f]  PhaseIdealLoop::build_loop_late_post_work(Node*, bool)+0xef
#
# Core dump will be written. Default location: Core dumps may be processed with "/lib/systemd/systemd-coredump %P %u %g %s %t 9223372036854775808 %h %d" (or dumping to /media/aluno/disk/2° Período/POO/EMPRESA/Empresa/core.15881)
#
# If you would like to submit a bug report, please visit:
#   https://github.com/adoptium/adoptium-support/issues
#

---------------  S U M M A R Y ------------

Command Line: --add-modules=ALL-SYSTEM --add-opens=java.base/java.util=ALL-UNNAMED --add-opens=java.base/java.lang=ALL-UNNAMED --add-opens=java.base/sun.nio.fs=ALL-UNNAMED -Declipse.application=org.eclipse.jdt.ls.core.id1 -Dosgi.bundles.defaultStartLevel=4 -Declipse.product=org.eclipse.jdt.ls.core.product -Djava.import.generatesMetadataFilesAtProjectRoot=false -DDetectVMInstallationsJob.disabled=true -Dfile.encoding=utf8 -XX:+UseParallelGC -XX:GCTimeRatio=4 -XX:AdaptiveSizePolicyWeight=90 -Dsun.zip.disableMemoryMapping=true -Xmx2G -Xms100m -Xlog:disable -javaagent:/home/aluno/.vscode/extensions/redhat.java-1.44.0-linux-x64/lombok/lombok-1.18.39-4050.jar /home/aluno/.vscode/extensions/redhat.java-1.44.0-linux-x64/server/plugins/org.eclipse.equinox.launcher_1.7.0.v20250519-0528.jar -configuration /home/aluno/.config/Code/User/globalStorage/redhat.java/1.44.0/config_ss_linux -data /home/aluno/.config/Code/User/workspaceStorage/6b20194e7094b1b0cd4367931a6b708a/redhat.java/ss_ws --pipe=/run/user/1002/lsp-cd34c8a473925e2916ac8a8b97246de5.sock

Host: Intel(R) Core(TM) i5-6600T CPU @ 2.70GHz, 4 cores, 7G, Linux Mint 21.2 Victoria
Time: Fri Aug 22 20:17:18 2025 -03 elapsed time: 3.344729 seconds (0d 0h 0m 3s)

---------------  T H R E A D  ---------------

Current thread (0x00007f59bc0f8ae0):  JavaThread "C2 CompilerThread0" daemon [_thread_in_native, id=15891, stack(0x00007f596177e000,0x00007f596187e000) (1024K)]


Current CompileTask:
C2:3344 2776       4       java.lang.invoke.MethodType::makeImpl (109 bytes)

Stack: [0x00007f596177e000,0x00007f596187e000],  sp=0x00007f5961879270,  free space=1004k
Native frames: (J=compiled Java code, j=interpreted, Vv=VM code, C=native code)
V  [libjvm.so+0xbd686f]  PhaseIdealLoop::build_loop_late_post_work(Node*, bool)+0xef
V  [libjvm.so+0xbd7120]  PhaseIdealLoop::build_loop_late(VectorSet&, Node_List&, Node_Stack&)+0x160
V  [libjvm.so+0xbd7a30]  PhaseIdealLoop::build_and_optimize()+0x740
V  [libjvm.so+0x6741c6]  PhaseIdealLoop::optimize(PhaseIterGVN&, LoopOptsMode)+0x216
V  [libjvm.so+0x672803]  Compile::Optimize()+0x1623
V  [libjvm.so+0x673906]  Compile::Compile(ciEnv*, ciMethod*, int, Options, DirectiveSet*)+0xf36
V  [libjvm.so+0x59a61b]  C2Compiler::compile_method(ciEnv*, ciMethod*, int, bool, DirectiveSet*)+0x18b
V  [libjvm.so+0x679d9e]  CompileBroker::invoke_compiler_on_method(CompileTask*)+0xc9e
V  [libjvm.so+0x67d0d8]  CompileBroker::compiler_thread_loop()+0x738
V  [libjvm.so+0x92d588]  JavaThread::thread_main_inner()+0x1d8
V  [libjvm.so+0xf82ce8]  Thread::call_run()+0xa8
V  [libjvm.so+0xd0c51a]  thread_native_entry(Thread*)+0xda

siginfo: si_signo: 11 (SIGSEGV), si_code: 2 (SEGV_ACCERR), si_addr: 0x00007f5938a50588

Registers:
RAX=0x00007f5938842eb0, RBX=0x00007f593806ccd0, RCX=0x00007f59383606a0, RDX=0x0000000000041adb
RSP=0x00007f5961879270, RBP=0x00007f59618792b0, RSI=0x00007f5938a50588, RDI=0x0000000000002000
R8 =0x0000000000001495, R9 =0x00007f59387fbd80, R10=0x000000000000000f, R11=0x0000000000000001
R12=0x00007f59383606a0, R13=0x00007f5934a35680, R14=0x00007f5934a35680, R15=0x00007f5961879690
RIP=0x00007f59c3fe886f, EFLAGS=0x0000000000010297, CSGSFS=0x002b000000000033, ERR=0x0000000000000004
  TRAPNO=0x000000000000000e

XMM[0]=0x0000ff0000000000 0x0000000000000000
XMM[1]=0x6e7500706172745f 0x6e6f6d6d6f636e75
XMM[2]=0x00007f59bc1e6810 0x00007f59bc1e6ce0
XMM[3]=0x00007f593c329b60 0x00007f593c32a988
XMM[4]=0x00007f593c32ccb0 0x00007f593c32ca50
XMM[5]=0x00007f593c32dd40 0x00007f593c32df08
XMM[6]=0x00007f59bc1e4130 0x00007f593c329c78
XMM[7]=0x0000000000000000 0x0000000000000000
XMM[8]=0x00007f593c32ccb0 0x00007f593c32ca50
XMM[9]=0x0000000000000000 0x0000000000000002
XMM[10]=0x00007f593c161928 0x00007f593c1619e8
XMM[11]=0x00007f593c161988 0x00007f593c161a48
XMM[12]=0x00007f593c1618c8 0x00007f593c161868
XMM[13]=0x0000000000000000 0x00007f593c161d48
XMM[14]=0x0000000000000000 0x00007f593c161e08
XMM[15]=0x0000000000000000 0x00007f593c161ec8
  MXCSR=0x00001fa2


Register to memory mapping:

RAX=0x00007f5938842eb0 points into unknown readable memory: 0x0000000000000000 | 00 00 00 00 00 00 00 00
RBX=0x00007f593806ccd0 points into unknown readable memory: 0x00007f59c48e6b00 | 00 6b 8e c4 59 7f 00 00
RCX=0x00007f59383606a0 points into unknown readable memory: 0x00007f59c48f9bd8 | d8 9b 8f c4 59 7f 00 00
RDX=0x0000000000041adb is an unknown value
RSP=0x00007f5961879270 is pointing into the stack for thread: 0x00007f59bc0f8ae0
RBP=0x00007f59618792b0 is pointing into the stack for thread: 0x00007f59bc0f8ae0
RSI=0x00007f5938a50588 is an unknown value
RDI=0x0000000000002000 is an unknown value
R8 =0x0000000000001495 is an unknown value
R9 =0x00007f59387fbd80 points into unknown readable memory: 0x00007f593c10bad8 | d8 ba 10 3c 59 7f 00 00
R10=0x000000000000000f is an unknown value
R11=0x0000000000000001 is an unknown value
R12=0x00007f59383606a0 points into unknown readable memory: 0x00007f59c48f9bd8 | d8 9b 8f c4 59 7f 00 00
R13=0x00007f5934a35680 points into unknown readable memory: 0x00007f59c48e16f8 | f8 16 8e c4 59 7f 00 00
R14=0x00007f5934a35680 points into unknown readable memory: 0x00007f59c48e16f8 | f8 16 8e c4 59 7f 00 00
R15=0x00007f5961879690 is pointing into the stack for thread: 0x00007f59bc0f8ae0

Top of Stack: (sp=0x00007f5961879270)
0x00007f5961879270:   0000000000000040 00007f593c32de08
0x00007f5961879280:   00007f59618792b0 00007f59383606a0
0x00007f5961879290:   0000000000000001 00007f5961879690
0x00007f59618792a0:   00007f59618793e0 00007f59618793a0
0x00007f59618792b0:   00007f5961879330 00007f59c3fe9120
0x00007f59618792c0:   00007f5961879310 00007f593412a698
0x00007f59618792d0:   00007f59380a89f8 00007f59618796f8
0x00007f59618792e0:   0000000161879308 00007f59618793c0
0x00007f59618792f0:   00007f5900000001 00007f5934a35968
0x00007f5961879300:   00007f59618793e0 0000000000000002
0x00007f5961879310:   00007f59618793a0 0000000000000001
0x00007f5961879320:   00007f59618793e0 00007f5961879690
0x00007f5961879330:   00007f5961879650 00007f59c3fe9a30
0x00007f5961879340:   00007f59383da280 00007f59618794d0
0x00007f5961879350:   00007f5900001e0c 00007f5900001e0b
0x00007f5961879360:   00007f59618793c0 000000000000eda0
0x00007f5961879370:   00007f5961879400 0000000000000000
0x00007f5961879380:   00007f59bc043220 00007f59383c6550
0x00007f5961879390:   00007f593801ac40 0000000000000000
0x00007f59618793a0:   0000000000000100 00007f593c2d3a50
0x00007f59618793b0:   00007f5900000100 00007f59bc0f6f80
0x00007f59618793c0:   00007f59388340f0 00007f5938842e90
0x00007f59618793d0:   00007f59388340f0 00007f59bc0f6f80
0x00007f59618793e0:   00007f59bc0f6f80 0000000000001000
0x00007f59618793f0:   00007f593886af10 e59a6acd00000b71
0x00007f5961879400:   00007f59bc0f6f80 00007f5900000004
0x00007f5961879410:   00007f59bc249e78 ffffffff00000000
0x00007f5961879420:   0000000000010020 0000000000001002
0x00007f5961879430:   0000000000001000 00007f59c4a3e8dd
0x00007f5961879440:   0000000000000000 0000000000000000
0x00007f5961879450:   00007f5938000090 00007f5938000090
0x00007f5961879460:   0000007900000000 0000000000010010 

Instructions: (pc=0x00007f59c3fe886f)
0x00007f59c3fe876f:   48 89 c1 41 5d 41 5e 5d e9 24 f8 ff ff 0f 1f 40
0x00007f59c3fe877f:   00 55 48 89 e5 41 57 49 89 ff 41 56 41 55 41 54
0x00007f59c3fe878f:   49 89 f4 53 89 d3 48 83 ec 18 83 7e 18 02 0f 84
0x00007f59c3fe879f:   2a 05 00 00 49 8b 44 24 08 48 8b 00 48 85 c0 0f
0x00007f59c3fe87af:   84 6c 05 00 00 48 83 78 10 00 0f 84 d6 02 00 00
0x00007f59c3fe87bf:   49 8b 04 24 4c 89 e7 ff 10 3d e6 00 00 00 0f 8f
0x00007f59c3fe87cf:   52 02 00 00 3d af 00 00 00 0f 8f e5 02 00 00 83
0x00007f59c3fe87df:   f8 1f 74 15 2d 9c 00 00 00 83 f8 02 0f 87 51 02
0x00007f59c3fe87ef:   00 00 0f 1f 80 00 00 00 00 41 8b 74 24 28 4c 89
0x00007f59c3fe87ff:   ff e8 6b b5 fe ff 31 c9 4c 89 e6 4c 89 ff 48 89
0x00007f59c3fe880f:   c2 48 89 c3 e8 f8 f4 ff ff 49 89 c6 41 8b 44 24
0x00007f59c3fe881f:   2c 83 e0 3f 83 f8 30 75 09 4c 39 f3 0f 85 2b 05
0x00007f59c3fe882f:   00 00 4d 85 f6 0f 84 3f 05 00 00 4d 89 f5 4c 39
0x00007f59c3fe883f:   f3 0f 84 a2 06 00 00 66 2e 0f 1f 84 00 00 00 00
0x00007f59c3fe884f:   00 41 8b 46 2c 83 e0 0f 83 f8 09 0f 84 d0 02 00
0x00007f59c3fe885f:   00 41 8b 56 28 49 8b 87 c8 00 00 00 48 8d 34 d0
0x00007f59c3fe886f:   4c 8b 36 49 8b 46 08 48 83 38 00 75 26 41 8b 4f
0x00007f59c3fe887f:   20 41 8b 46 28 39 c8 0f 83 5c 02 00 00 49 8b 57
0x00007f59c3fe888f:   28 4c 8b 34 c2 49 83 e6 fe 49 8b 46 08 48 83 38
0x00007f59c3fe889f:   00 74 de 4c 89 36 41 8b 46 28 41 8b 57 20 39 d0
0x00007f59c3fe88af:   0f 83 5d 02 00 00 49 8b 4f 28 48 8b 04 c1 48 85
0x00007f59c3fe88bf:   c0 0f 84 4c 02 00 00 0f b7 48 58 41 8b 45 28 39
0x00007f59c3fe88cf:   c2 0f 86 50 02 00 00 49 8b 77 28 48 8b 04 c6 48
0x00007f59c3fe88df:   85 c0 0f 84 3f 02 00 00 66 39 48 58 4d 0f 47 ee
0x00007f59c3fe88ef:   4c 39 f3 0f 85 58 ff ff ff 4d 39 ee 0f 84 3d 03
0x00007f59c3fe88ff:   00 00 41 8b 45 2c 83 e0 0f 83 f8 08 0f 85 c0 02
0x00007f59c3fe890f:   00 00 bb 00 01 06 00 66 2e 0f 1f 84 00 00 00 00
0x00007f59c3fe891f:   00 4c 89 ef 31 f6 e8 36 54 0e 00 48 89 c7 48 85
0x00007f59c3fe892f:   c0 0f 84 92 02 00 00 e8 45 cf 9c ff 85 c0 0f 89
0x00007f59c3fe893f:   85 02 00 00 f7 d0 c0 e8 03 48 0f a3 c3 0f 83 76
0x00007f59c3fe894f:   02 00 00 49 8b 45 08 48 8d 3d d3 ba fe ff 48 8b
0x00007f59c3fe895f:   00 48 8b 40 08 48 8b 08 49 8b 07 48 8b 40 08 48 


Stack slot to memory mapping:

stack at sp + 0 slots: 0x0000000000000040 is an unknown value
stack at sp + 1 slots: 0x00007f593c32de08 points into unknown readable memory: 0x00007f59c48fa710 | 10 a7 8f c4 59 7f 00 00
stack at sp + 2 slots: 0x00007f59618792b0 is pointing into the stack for thread: 0x00007f59bc0f8ae0
stack at sp + 3 slots: 0x00007f59383606a0 points into unknown readable memory: 0x00007f59c48f9bd8 | d8 9b 8f c4 59 7f 00 00
stack at sp + 4 slots: 0x0000000000000001 is an unknown value
stack at sp + 5 slots: 0x00007f5961879690 is pointing into the stack for thread: 0x00007f59bc0f8ae0
stack at sp + 6 slots: 0x00007f59618793e0 is pointing into the stack for thread: 0x00007f59bc0f8ae0
stack at sp + 7 slots: 0x00007f59618793a0 is pointing into the stack for thread: 0x00007f59bc0f8ae0


---------------  P R O C E S S  ---------------

Threads class SMR info:
_java_thread_list=0x00007f58f8000b70, length=19, elements={
0x00007f59bc02a490, 0x00007f59bc0f1800, 0x00007f59bc0f2d30, 0x00007f59bc0f4480,
0x00007f59bc0f5a80, 0x00007f59bc0f6fe0, 0x00007f59bc0f8ae0, 0x00007f59bc0fa160,
0x00007f59bc122d00, 0x00007f593c0789c0, 0x00007f59bc2388b0, 0x00007f59bc451af0,
0x00007f59bc4a5e00, 0x00007f59bc4b5db0, 0x00007f5910036720, 0x00007f59100a9190,
0x00007f591024ec10, 0x00007f5910366450, 0x00007f5910373300
}

Java Threads: ( => current thread )
  0x00007f59bc02a490 JavaThread "main"                              [_thread_blocked, id=15882, stack(0x00007f59c3226000,0x00007f59c3326000) (1024K)]
  0x00007f59bc0f1800 JavaThread "Reference Handler"          daemon [_thread_blocked, id=15886, stack(0x00007f5961c7e000,0x00007f5961d7e000) (1024K)]
  0x00007f59bc0f2d30 JavaThread "Finalizer"                  daemon [_thread_blocked, id=15887, stack(0x00007f5961b7e000,0x00007f5961c7e000) (1024K)]
  0x00007f59bc0f4480 JavaThread "Signal Dispatcher"          daemon [_thread_blocked, id=15888, stack(0x00007f5961a7e000,0x00007f5961b7e000) (1024K)]
  0x00007f59bc0f5a80 JavaThread "Service Thread"             daemon [_thread_blocked, id=15889, stack(0x00007f596197e000,0x00007f5961a7e000) (1024K)]
  0x00007f59bc0f6fe0 JavaThread "Monitor Deflation Thread"   daemon [_thread_blocked, id=15890, stack(0x00007f596187e000,0x00007f596197e000) (1024K)]
=>0x00007f59bc0f8ae0 JavaThread "C2 CompilerThread0"         daemon [_thread_in_native, id=15891, stack(0x00007f596177e000,0x00007f596187e000) (1024K)]
  0x00007f59bc0fa160 JavaThread "C1 CompilerThread0"         daemon [_thread_blocked, id=15892, stack(0x00007f596167e000,0x00007f596177e000) (1024K)]
  0x00007f59bc122d00 JavaThread "Common-Cleaner"             daemon [_thread_blocked, id=15893, stack(0x00007f596157e000,0x00007f596167e000) (1024K)]
  0x00007f593c0789c0 JavaThread "C2 CompilerThread1"         daemon [_thread_in_native, id=15896, stack(0x00007f5961468000,0x00007f5961568000) (1024K)]
  0x00007f59bc2388b0 JavaThread "Notification Thread"        daemon [_thread_blocked, id=15903, stack(0x00007f5961358000,0x00007f5961458000) (1024K)]
  0x00007f59bc451af0 JavaThread "Active Thread: Equinox Container: 6b1c2da9-3f85-4a6f-a9f4-3d756a58f751"        [_thread_blocked, id=15924, stack(0x00007f5960f31000,0x00007f5961031000) (1024K)]
  0x00007f59bc4a5e00 JavaThread "Framework Event Dispatcher: Equinox Container: 6b1c2da9-3f85-4a6f-a9f4-3d756a58f751" daemon [_thread_blocked, id=15925, stack(0x00007f5960e31000,0x00007f5960f31000) (1024K)]
  0x00007f59bc4b5db0 JavaThread "Start Level: Equinox Container: 6b1c2da9-3f85-4a6f-a9f4-3d756a58f751" daemon [_thread_in_vm, id=15926, stack(0x00007f5960d31000,0x00007f5960e31000) (1024K)]
  0x00007f5910036720 JavaThread "SCR Component Actor"        daemon [_thread_blocked, id=15928, stack(0x00007f5960c1d000,0x00007f5960d1d000) (1024K)]
  0x00007f59100a9190 JavaThread "SCR Component Registry"     daemon [_thread_blocked, id=15931, stack(0x00007f5960b1d000,0x00007f5960c1d000) (1024K)]
  0x00007f591024ec10 JavaThread "Worker-JM"                         [_thread_blocked, id=15933, stack(0x00007f5960a1d000,0x00007f5960b1d000) (1024K)]
  0x00007f5910366450 JavaThread "Worker-0"                          [_thread_blocked, id=15937, stack(0x00007f596091d000,0x00007f5960a1d000) (1024K)]
  0x00007f5910373300 JavaThread "Worker-1"                          [_thread_blocked, id=15938, stack(0x00007f596081d000,0x00007f596091d000) (1024K)]
Total: 19

Other Threads:
  0x00007f59bc0e80a0 VMThread "VM Thread"                           [id=15885, stack(0x00007f59622f4000,0x00007f59623f4000) (1024K)]
  0x00007f59bc052250 WatcherThread "VM Periodic Task Thread"        [id=15884, stack(0x00007f59ac02c000,0x00007f59ac12c000) (1024K)]
  0x00007f59bc0432c0 WorkerThread "GC Thread#0"                     [id=15883, stack(0x00007f59ac91d000,0x00007f59aca1d000) (1024K)]
  0x00007f5950001160 WorkerThread "GC Thread#1"                     [id=15920, stack(0x00007f5961234000,0x00007f5961334000) (1024K)]
  0x00007f5950002f90 WorkerThread "GC Thread#2"                     [id=15921, stack(0x00007f5961133000,0x00007f5961233000) (1024K)]
  0x00007f5950003a00 WorkerThread "GC Thread#3"                     [id=15922, stack(0x00007f5961032000,0x00007f5961132000) (1024K)]
Total: 6

Threads with active compile tasks:
C2 CompilerThread0  3351 2776       4       java.lang.invoke.MethodType::makeImpl (109 bytes)
C2 CompilerThread1  3351 2551       4       org.lombokweb.asm.ClassReader::readMethod (1070 bytes)
Total: 2

VM state: not at safepoint (normal execution)

VM Mutex/Monitor currently owned by a thread: None

Heap address: 0x0000000080000000, size: 2048 MB, Compressed Oops mode: 32-bit

CDS archive(s) mapped at: [0x00007f5963000000-0x00007f5963bbf000-0x00007f5963bbf000), size 12316672, SharedBaseAddress: 0x00007f5963000000, ArchiveRelocationMode: 1.
Compressed class space mapped at: 0x00007f5964000000-0x00007f59a4000000, reserved size: 1073741824
Narrow klass base: 0x00007f5963000000, Narrow klass shift: 0, Narrow klass range: 0x100000000

GC Precious Log:
 CardTable entry size: 512
 CPUs: 4 total, 4 available
 Memory: 7850M
 Large Page Support: Disabled
 NUMA Support: Disabled
 Compressed Oops: Enabled (32-bit)
 Alignments: Space 512K, Generation 512K, Heap 2M
 Heap Min Capacity: 100M
 Heap Initial Capacity: 100M
 Heap Max Capacity: 2G
 Pre-touch: Disabled
 Parallel Workers: 4

Heap:
 PSYoungGen      total 26624K, used 2187K [0x00000000d5580000, 0x00000000d7400000, 0x0000000100000000)
  eden space 24576K, 2% used [0x00000000d5580000,0x00000000d5605d10,0x00000000d6d80000)
  from space 2048K, 80% used [0x00000000d6e00000,0x00000000d6f9d200,0x00000000d7000000)
  to   space 3072K, 0% used [0x00000000d7100000,0x00000000d7100000,0x00000000d7400000)
 ParOldGen       total 68608K, used 10384K [0x0000000080000000, 0x0000000084300000, 0x00000000d5580000)
  object space 68608K, 15% used [0x0000000080000000,0x0000000080a24260,0x0000000084300000)
 Metaspace       used 23017K, committed 23680K, reserved 1114112K
  class space    used 2179K, committed 2496K, reserved 1048576K

Card table byte_map: [0x00007f59aca1d000,0x00007f59ace1e000] _byte_map_base: 0x00007f59ac61d000

Marking Bits: (ParMarkBitMap*) 0x00007f59c496a000
 Begin Bits: [0x00007f59a4000000, 0x00007f59a6000000)
 End Bits:   [0x00007f59a6000000, 0x00007f59a8000000)

Polling page: 0x00007f59c4bdc000

Metaspace:

Usage:
  Non-class:     20,35 MB used.
      Class:      2,13 MB used.
       Both:     22,48 MB used.

Virtual space:
  Non-class space:       64,00 MB reserved,      20,69 MB ( 32%) committed,  1 nodes.
      Class space:        1,00 GB reserved,       2,44 MB ( <1%) committed,  1 nodes.
             Both:        1,06 GB reserved,      23,12 MB (  2%) committed. 

Chunk freelists:
   Non-Class:  10,41 MB
       Class:  13,44 MB
        Both:  23,85 MB

MaxMetaspaceSize: unlimited
CompressedClassSpaceSize: 1,00 GB
Initial GC threshold: 21,00 MB
Current GC threshold: 35,00 MB
CDS: on
 - commit_granule_bytes: 65536.
 - commit_granule_words: 8192.
 - virtual_space_node_default_size: 8388608.
 - enlarge_chunks_in_place: 1.
 - use_allocation_guard: 0.


Internal statistics:

num_allocs_failed_limit: 3.
num_arena_births: 470.
num_arena_deaths: 14.
num_vsnodes_births: 2.
num_vsnodes_deaths: 0.
num_space_committed: 370.
num_space_uncommitted: 0.
num_chunks_returned_to_freelist: 17.
num_chunks_taken_from_freelist: 1312.
num_chunk_merges: 9.
num_chunk_splits: 869.
num_chunks_enlarged: 574.
num_inconsistent_stats: 0.

CodeHeap 'non-profiled nmethods': size=120032Kb used=1161Kb max_used=1161Kb free=118871Kb
 bounds [0x00007f59b4ac8000, 0x00007f59b4d38000, 0x00007f59bc000000]
CodeHeap 'profiled nmethods': size=120028Kb used=5294Kb max_used=5294Kb free=114733Kb
 bounds [0x00007f59ad000000, 0x00007f59ad530000, 0x00007f59b4537000]
CodeHeap 'non-nmethods': size=5700Kb used=1306Kb max_used=1322Kb free=4393Kb
 bounds [0x00007f59b4537000, 0x00007f59b47a7000, 0x00007f59b4ac8000]
CodeCache: size=245760Kb, used=7761Kb, max_used=7777Kb, free=237997Kb
 total_blobs=3379, nmethods=2782, adapters=504, full_count=0
Compilation: enabled, stopped_count=0, restarted_count=0

Compilation events (20 events):
Event: 3,260 Thread 0x00007f59bc0fa160 nmethod 2770 0x00007f59ad525c10 code [0x00007f59ad525e20, 0x00007f59ad526338]
Event: 3,260 Thread 0x00007f59bc0fa160 2771       3       java.lang.invoke.MemberName::asConstructor (58 bytes)
Event: 3,260 Thread 0x00007f59bc0fa160 nmethod 2771 0x00007f59ad526510 code [0x00007f59ad526720, 0x00007f59ad526d20]
Event: 3,262 Thread 0x00007f59bc0fa160 2772       3       java.lang.AbstractStringBuilder::append (77 bytes)
Event: 3,263 Thread 0x00007f59bc0fa160 nmethod 2772 0x00007f59ad526f90 code [0x00007f59ad5271a0, 0x00007f59ad527848]
Event: 3,265 Thread 0x00007f59bc0fa160 2773   !   3       java.util.zip.ZipFile::getEntry (59 bytes)
Event: 3,265 Thread 0x00007f59bc0fa160 nmethod 2773 0x00007f59ad527b10 code [0x00007f59ad527d00, 0x00007f59ad528178]
Event: 3,267 Thread 0x00007f59bc0fa160 2774       3       java.lang.Character::digit (6 bytes)
Event: 3,267 Thread 0x00007f59bc0fa160 nmethod 2774 0x00007f59ad528410 code [0x00007f59ad5285c0, 0x00007f59ad528810]
Event: 3,267 Thread 0x00007f59bc0fa160 2775   !   3       org.eclipse.osgi.internal.framework.EquinoxBundle::$SWITCH_TABLE$org$eclipse$osgi$container$Module$State (115 bytes)
Event: 3,268 Thread 0x00007f59bc0fa160 nmethod 2775 0x00007f59ad528910 code [0x00007f59ad528b00, 0x00007f59ad529058]
Event: 3,271 Thread 0x00007f59bc0f8ae0 2776       4       java.lang.invoke.MethodType::makeImpl (109 bytes)
Event: 3,293 Thread 0x00007f59bc0fa160 2779       3       java.lang.StringBuilder::append (8 bytes)
Event: 3,293 Thread 0x00007f59bc0fa160 nmethod 2779 0x00007f59ad529290 code [0x00007f59ad529440, 0x00007f59ad529588]
Event: 3,296 Thread 0x00007f59bc0fa160 2780       3       jdk.internal.misc.Unsafe::checkPrimitivePointer (19 bytes)
Event: 3,297 Thread 0x00007f59bc0fa160 nmethod 2780 0x00007f59ad529610 code [0x00007f59ad529820, 0x00007f59ad529e08]
Event: 3,297 Thread 0x00007f59bc0fa160 2781       3       jdk.internal.misc.Unsafe::checkPointer (19 bytes)
Event: 3,297 Thread 0x00007f59bc0fa160 nmethod 2781 0x00007f59ad52a090 code [0x00007f59ad52a260, 0x00007f59ad52a5e0]
Event: 3,297 Thread 0x00007f59bc0fa160 2783       1       sun.nio.fs.UnixFileSystem::provider (5 bytes)
Event: 3,297 Thread 0x00007f59bc0fa160 nmethod 2783 0x00007f59b4be9b10 code [0x00007f59b4be9ca0, 0x00007f59b4be9d60]

GC Heap History (14 events):
Event: 0,916 GC heap before
{Heap before GC invocations=1 (full 0):
 PSYoungGen      total 29696K, used 25600K [0x00000000d5580000, 0x00000000d7680000, 0x0000000100000000)
  eden space 25600K, 100% used [0x00000000d5580000,0x00000000d6e80000,0x00000000d6e80000)
  from space 4096K, 0% used [0x00000000d7280000,0x00000000d7280000,0x00000000d7680000)
  to   space 4096K, 0% used [0x00000000d6e80000,0x00000000d6e80000,0x00000000d7280000)
 ParOldGen       total 68608K, used 1066K [0x0000000080000000, 0x0000000084300000, 0x00000000d5580000)
  object space 68608K, 1% used [0x0000000080000000,0x000000008010aa80,0x0000000084300000)
 Metaspace       used 4447K, committed 4672K, reserved 1114112K
  class space    used 474K, committed 576K, reserved 1048576K
}
Event: 0,932 GC heap after
{Heap after GC invocations=1 (full 0):
 PSYoungGen      total 29696K, used 2950K [0x00000000d5580000, 0x00000000d7680000, 0x0000000100000000)
  eden space 25600K, 0% used [0x00000000d5580000,0x00000000d5580000,0x00000000d6e80000)
  from space 4096K, 72% used [0x00000000d6e80000,0x00000000d7161bb8,0x00000000d7280000)
  to   space 4096K, 0% used [0x00000000d7280000,0x00000000d7280000,0x00000000d7680000)
 ParOldGen       total 68608K, used 1074K [0x0000000080000000, 0x0000000084300000, 0x00000000d5580000)
  object space 68608K, 1% used [0x0000000080000000,0x000000008010ca80,0x0000000084300000)
 Metaspace       used 4447K, committed 4672K, reserved 1114112K
  class space    used 474K, committed 576K, reserved 1048576K
}
Event: 1,619 GC heap before
{Heap before GC invocations=2 (full 0):
 PSYoungGen      total 29696K, used 28550K [0x00000000d5580000, 0x00000000d7680000, 0x0000000100000000)
  eden space 25600K, 100% used [0x00000000d5580000,0x00000000d6e80000,0x00000000d6e80000)
  from space 4096K, 72% used [0x00000000d6e80000,0x00000000d7161bb8,0x00000000d7280000)
  to   space 4096K, 0% used [0x00000000d7280000,0x00000000d7280000,0x00000000d7680000)
 ParOldGen       total 68608K, used 1074K [0x0000000080000000, 0x0000000084300000, 0x00000000d5580000)
  object space 68608K, 1% used [0x0000000080000000,0x000000008010ca80,0x0000000084300000)
 Metaspace       used 8304K, committed 8640K, reserved 1114112K
  class space    used 877K, committed 1024K, reserved 1048576K
}
Event: 1,624 GC heap after
{Heap after GC invocations=2 (full 0):
 PSYoungGen      total 29696K, used 4076K [0x00000000d5580000, 0x00000000d7680000, 0x0000000100000000)
  eden space 25600K, 0% used [0x00000000d5580000,0x00000000d5580000,0x00000000d6e80000)
  from space 4096K, 99% used [0x00000000d7280000,0x00000000d767b388,0x00000000d7680000)
  to   space 4096K, 0% used [0x00000000d6e80000,0x00000000d6e80000,0x00000000d7280000)
 ParOldGen       total 68608K, used 1586K [0x0000000080000000, 0x0000000084300000, 0x00000000d5580000)
  object space 68608K, 2% used [0x0000000080000000,0x000000008018ca80,0x0000000084300000)
 Metaspace       used 8304K, committed 8640K, reserved 1114112K
  class space    used 877K, committed 1024K, reserved 1048576K
}
Event: 2,145 GC heap before
{Heap before GC invocations=3 (full 0):
 PSYoungGen      total 29696K, used 29676K [0x00000000d5580000, 0x00000000d7680000, 0x0000000100000000)
  eden space 25600K, 100% used [0x00000000d5580000,0x00000000d6e80000,0x00000000d6e80000)
  from space 4096K, 99% used [0x00000000d7280000,0x00000000d767b388,0x00000000d7680000)
  to   space 4096K, 0% used [0x00000000d6e80000,0x00000000d6e80000,0x00000000d7280000)
 ParOldGen       total 68608K, used 1586K [0x0000000080000000, 0x0000000084300000, 0x00000000d5580000)
  object space 68608K, 2% used [0x0000000080000000,0x000000008018ca80,0x0000000084300000)
 Metaspace       used 13161K, committed 13760K, reserved 1114112K
  class space    used 1381K, committed 1664K, reserved 1048576K
}
Event: 2,152 GC heap after
{Heap after GC invocations=3 (full 0):
 PSYoungGen      total 29696K, used 4081K [0x00000000d5580000, 0x00000000d7680000, 0x0000000100000000)
  eden space 25600K, 0% used [0x00000000d5580000,0x00000000d5580000,0x00000000d6e80000)
  from space 4096K, 99% used [0x00000000d6e80000,0x00000000d727c780,0x00000000d7280000)
  to   space 4096K, 0% used [0x00000000d7280000,0x00000000d7280000,0x00000000d7680000)
 ParOldGen       total 68608K, used 3518K [0x0000000080000000, 0x0000000084300000, 0x00000000d5580000)
  object space 68608K, 5% used [0x0000000080000000,0x000000008036fba0,0x0000000084300000)
 Metaspace       used 13161K, committed 13760K, reserved 1114112K
  class space    used 1381K, committed 1664K, reserved 1048576K
}
Event: 2,656 GC heap before
{Heap before GC invocations=4 (full 0):
 PSYoungGen      total 29696K, used 29681K [0x00000000d5580000, 0x00000000d7680000, 0x0000000100000000)
  eden space 25600K, 100% used [0x00000000d5580000,0x00000000d6e80000,0x00000000d6e80000)
  from space 4096K, 99% used [0x00000000d6e80000,0x00000000d727c780,0x00000000d7280000)
  to   space 4096K, 0% used [0x00000000d7280000,0x00000000d7280000,0x00000000d7680000)
 ParOldGen       total 68608K, used 3518K [0x0000000080000000, 0x0000000084300000, 0x00000000d5580000)
  object space 68608K, 5% used [0x0000000080000000,0x000000008036fba0,0x0000000084300000)
 Metaspace       used 16462K, committed 17088K, reserved 1114112K
  class space    used 1701K, committed 1984K, reserved 1048576K
}
Event: 2,672 GC heap after
{Heap after GC invocations=4 (full 0):
 PSYoungGen      total 29696K, used 4071K [0x00000000d5580000, 0x00000000d7680000, 0x0000000100000000)
  eden space 25600K, 0% used [0x00000000d5580000,0x00000000d5580000,0x00000000d6e80000)
  from space 4096K, 99% used [0x00000000d7280000,0x00000000d7679e50,0x00000000d7680000)
  to   space 4096K, 0% used [0x00000000d6e80000,0x00000000d6e80000,0x00000000d7280000)
 ParOldGen       total 68608K, used 5489K [0x0000000080000000, 0x0000000084300000, 0x00000000d5580000)
  object space 68608K, 8% used [0x0000000080000000,0x000000008055c4c0,0x0000000084300000)
 Metaspace       used 16462K, committed 17088K, reserved 1114112K
  class space    used 1701K, committed 1984K, reserved 1048576K
}
Event: 2,833 GC heap before
{Heap before GC invocations=5 (full 0):
 PSYoungGen      total 29696K, used 29671K [0x00000000d5580000, 0x00000000d7680000, 0x0000000100000000)
  eden space 25600K, 100% used [0x00000000d5580000,0x00000000d6e80000,0x00000000d6e80000)
  from space 4096K, 99% used [0x00000000d7280000,0x00000000d7679e50,0x00000000d7680000)
  to   space 4096K, 0% used [0x00000000d6e80000,0x00000000d6e80000,0x00000000d7280000)
 ParOldGen       total 68608K, used 5489K [0x0000000080000000, 0x0000000084300000, 0x00000000d5580000)
  object space 68608K, 8% used [0x0000000080000000,0x000000008055c4c0,0x0000000084300000)
 Metaspace       used 20349K, committed 20928K, reserved 1114112K
  class space    used 1984K, committed 2240K, reserved 1048576K
}
Event: 2,845 GC heap after
{Heap after GC invocations=5 (full 0):
 PSYoungGen      total 29184K, used 4090K [0x00000000d5580000, 0x00000000d7900000, 0x0000000100000000)
  eden space 25088K, 0% used [0x00000000d5580000,0x00000000d5580000,0x00000000d6e00000)
  from space 4096K, 99% used [0x00000000d6e80000,0x00000000d727eac8,0x00000000d7280000)
  to   space 5632K, 0% used [0x00000000d7380000,0x00000000d7380000,0x00000000d7900000)
 ParOldGen       total 68608K, used 6505K [0x0000000080000000, 0x0000000084300000, 0x00000000d5580000)
  object space 68608K, 9% used [0x0000000080000000,0x000000008065a428,0x0000000084300000)
 Metaspace       used 20349K, committed 20928K, reserved 1114112K
  class space    used 1984K, committed 2240K, reserved 1048576K
}
Event: 2,916 GC heap before
{Heap before GC invocations=6 (full 0):
 PSYoungGen      total 29184K, used 8448K [0x00000000d5580000, 0x00000000d7900000, 0x0000000100000000)
  eden space 25088K, 17% used [0x00000000d5580000,0x00000000d59c18d0,0x00000000d6e00000)
  from space 4096K, 99% used [0x00000000d6e80000,0x00000000d727eac8,0x00000000d7280000)
  to   space 5632K, 0% used [0x00000000d7380000,0x00000000d7380000,0x00000000d7900000)
 ParOldGen       total 68608K, used 6505K [0x0000000080000000, 0x0000000084300000, 0x00000000d5580000)
  object space 68608K, 9% used [0x0000000080000000,0x000000008065a428,0x0000000084300000)
 Metaspace       used 20899K, committed 21504K, reserved 1114112K
  class space    used 2009K, committed 2304K, reserved 1048576K
}
Event: 2,924 GC heap after
{Heap after GC invocations=6 (full 0):
 PSYoungGen      total 30720K, used 5291K [0x00000000d5580000, 0x00000000d7900000, 0x0000000100000000)
  eden space 25088K, 0% used [0x00000000d5580000,0x00000000d5580000,0x00000000d6e00000)
  from space 5632K, 93% used [0x00000000d7380000,0x00000000d78aaec8,0x00000000d7900000)
  to   space 5632K, 0% used [0x00000000d6e00000,0x00000000d6e00000,0x00000000d7380000)
 ParOldGen       total 68608K, used 7294K [0x0000000080000000, 0x0000000084300000, 0x00000000d5580000)
  object space 68608K, 10% used [0x0000000080000000,0x000000008071f938,0x0000000084300000)
 Metaspace       used 20899K, committed 21504K, reserved 1114112K
  class space    used 2009K, committed 2304K, reserved 1048576K
}
Event: 2,924 GC heap before
{Heap before GC invocations=7 (full 1):
 PSYoungGen      total 30720K, used 5291K [0x00000000d5580000, 0x00000000d7900000, 0x0000000100000000)
  eden space 25088K, 0% used [0x00000000d5580000,0x00000000d5580000,0x00000000d6e00000)
  from space 5632K, 93% used [0x00000000d7380000,0x00000000d78aaec8,0x00000000d7900000)
  to   space 5632K, 0% used [0x00000000d6e00000,0x00000000d6e00000,0x00000000d7380000)
 ParOldGen       total 68608K, used 7294K [0x0000000080000000, 0x0000000084300000, 0x00000000d5580000)
  object space 68608K, 10% used [0x0000000080000000,0x000000008071f938,0x0000000084300000)
 Metaspace       used 20899K, committed 21504K, reserved 1114112K
  class space    used 2009K, committed 2304K, reserved 1048576K
}
Event: 2,985 GC heap after
{Heap after GC invocations=7 (full 1):
 PSYoungGen      total 30720K, used 0K [0x00000000d5580000, 0x00000000d7900000, 0x0000000100000000)
  eden space 25088K, 0% used [0x00000000d5580000,0x00000000d5580000,0x00000000d6e00000)
  from space 5632K, 0% used [0x00000000d7380000,0x00000000d7380000,0x00000000d7900000)
  to   space 5632K, 0% used [0x00000000d6e00000,0x00000000d6e00000,0x00000000d7380000)
 ParOldGen       total 68608K, used 10376K [0x0000000080000000, 0x0000000084300000, 0x00000000d5580000)
  object space 68608K, 15% used [0x0000000080000000,0x0000000080a22260,0x0000000084300000)
 Metaspace       used 20886K, committed 21504K, reserved 1114112K
  class space    used 2005K, committed 2304K, reserved 1048576K
}

Dll operation events (9 events):
Event: 0,003 Loaded shared library /home/aluno/.vscode/extensions/redhat.java-1.44.0-linux-x64/jre/21.0.8-linux-x86_64/lib/libjava.so
Event: 0,076 Loaded shared library /home/aluno/.vscode/extensions/redhat.java-1.44.0-linux-x64/jre/21.0.8-linux-x86_64/lib/libzip.so
Event: 0,096 Loaded shared library /home/aluno/.vscode/extensions/redhat.java-1.44.0-linux-x64/jre/21.0.8-linux-x86_64/lib/libinstrument.so
Event: 0,098 Loaded shared library /home/aluno/.vscode/extensions/redhat.java-1.44.0-linux-x64/jre/21.0.8-linux-x86_64/lib/libnio.so
Event: 0,100 Loaded shared library /home/aluno/.vscode/extensions/redhat.java-1.44.0-linux-x64/jre/21.0.8-linux-x86_64/lib/libzip.so
Event: 0,126 Loaded shared library /home/aluno/.vscode/extensions/redhat.java-1.44.0-linux-x64/jre/21.0.8-linux-x86_64/lib/libjimage.so
Event: 0,204 Loaded shared library /home/aluno/.vscode/extensions/redhat.java-1.44.0-linux-x64/jre/21.0.8-linux-x86_64/lib/libverify.so
Event: 1,076 Loaded shared library /home/aluno/.vscode/extensions/redhat.java-1.44.0-linux-x64/jre/21.0.8-linux-x86_64/lib/libnet.so
Event: 1,583 Loaded shared library /home/aluno/.config/Code/User/globalStorage/redhat.java/1.44.0/config_ss_linux/org.eclipse.equinox.launcher/org.eclipse.equinox.launcher.gtk.linux.x86_64_1.2.1500.v20250730-1736/eclipse_11913.so

Deoptimization events (20 events):
Event: 3,175 Thread 0x00007f59bc4b5db0 DEOPT PACKING pc=0x00007f59ad0f911e sp=0x00007f5960e294c0
Event: 3,175 Thread 0x00007f59bc4b5db0 DEOPT UNPACKING pc=0x00007f59b458ab2f sp=0x00007f5960e289d8 mode 0
Event: 3,176 Thread 0x00007f59bc4b5db0 DEOPT PACKING pc=0x00007f59ad0f911e sp=0x00007f5960e294c0
Event: 3,176 Thread 0x00007f59bc4b5db0 DEOPT UNPACKING pc=0x00007f59b458ab2f sp=0x00007f5960e289d8 mode 0
Event: 3,215 Thread 0x00007f59bc4b5db0 Uncommon trap: trap_request=0xffffffcc fr.pc=0x00007f59b4bdf714 relative=0x0000000000000354
Event: 3,215 Thread 0x00007f59bc4b5db0 Uncommon trap: reason=intrinsic_or_type_checked_inlining action=make_not_entrant pc=0x00007f59b4bdf714 method=java.util.Arrays.copyOf([Ljava/lang/Object;ILjava/lang/Class;)[Ljava/lang/Object; @ 35 c2
Event: 3,215 Thread 0x00007f59bc4b5db0 DEOPT PACKING pc=0x00007f59b4bdf714 sp=0x00007f5960e2e880
Event: 3,215 Thread 0x00007f59bc4b5db0 DEOPT UNPACKING pc=0x00007f59b458a399 sp=0x00007f5960e2e810 mode 2
Event: 3,260 Thread 0x00007f59bc4b5db0 Uncommon trap: trap_request=0xffffff45 fr.pc=0x00007f59b4b107a8 relative=0x00000000000003e8
Event: 3,260 Thread 0x00007f59bc4b5db0 Uncommon trap: reason=unstable_if action=reinterpret pc=0x00007f59b4b107a8 method=java.lang.StringLatin1.canEncode(I)Z @ 4 c2
Event: 3,260 Thread 0x00007f59bc4b5db0 DEOPT PACKING pc=0x00007f59b4b107a8 sp=0x00007f5960e2ea90
Event: 3,260 Thread 0x00007f59bc4b5db0 DEOPT UNPACKING pc=0x00007f59b458a399 sp=0x00007f5960e2e9c8 mode 2
Event: 3,260 Thread 0x00007f59bc4b5db0 Uncommon trap: trap_request=0xffffff45 fr.pc=0x00007f59b4b120a0 relative=0x00000000000003e0
Event: 3,260 Thread 0x00007f59bc4b5db0 Uncommon trap: reason=unstable_if action=reinterpret pc=0x00007f59b4b120a0 method=java.lang.AbstractStringBuilder.isLatin1()Z @ 10 c2
Event: 3,260 Thread 0x00007f59bc4b5db0 DEOPT PACKING pc=0x00007f59b4b120a0 sp=0x00007f5960e2eab0
Event: 3,261 Thread 0x00007f59bc4b5db0 DEOPT UNPACKING pc=0x00007f59b458a399 sp=0x00007f5960e2ea40 mode 2
Event: 3,286 Thread 0x00007f59bc4b5db0 Uncommon trap: trap_request=0xffffff45 fr.pc=0x00007f59b4bcace4 relative=0x0000000000000b44
Event: 3,286 Thread 0x00007f59bc4b5db0 Uncommon trap: reason=unstable_if action=reinterpret pc=0x00007f59b4bcace4 method=java.util.regex.Pattern$BmpCharPropertyGreedy.match(Ljava/util/regex/Matcher;ILjava/lang/CharSequence;)Z @ 12 c2
Event: 3,286 Thread 0x00007f59bc4b5db0 DEOPT PACKING pc=0x00007f59b4bcace4 sp=0x00007f5960e2dde0
Event: 3,286 Thread 0x00007f59bc4b5db0 DEOPT UNPACKING pc=0x00007f59b458a399 sp=0x00007f5960e2dce8 mode 2

Classes loaded (20 events):
Event: 3,286 Loading class sun/util/resources/OpenListResourceBundle
Event: 3,286 Loading class sun/util/resources/OpenListResourceBundle done
Event: 3,286 Loading class sun/util/resources/TimeZoneNamesBundle done
Event: 3,286 Loading class sun/util/resources/cldr/TimeZoneNames done
Event: 3,286 Loading class sun/util/resources/cldr/TimeZoneNames_en
Event: 3,287 Loading class sun/util/resources/cldr/TimeZoneNames_en done
Event: 3,287 Loading class sun/util/resources/cldr/TimeZoneNames_en_US
Event: 3,287 Loading class sun/util/resources/cldr/TimeZoneNames_en_US done
Event: 3,288 Loading class sun/util/cldr/CLDRBaseLocaleDataMetaInfo$TZCanonicalIDMapHolder
Event: 3,289 Loading class sun/util/cldr/CLDRBaseLocaleDataMetaInfo$TZCanonicalIDMapHolder done
Event: 3,290 Loading class sun/util/resources/TimeZoneNames
Event: 3,291 Loading class sun/util/resources/TimeZoneNames done
Event: 3,291 Loading class sun/util/resources/TimeZoneNames_en
Event: 3,291 Loading class sun/util/resources/TimeZoneNames_en done
Event: 3,296 Loading class sun/nio/fs/UnixChannelFactory$1
Event: 3,296 Loading class sun/nio/fs/UnixChannelFactory$1 done
Event: 3,296 Loading class sun/nio/ch/ChannelOutputStream
Event: 3,297 Loading class sun/nio/ch/ChannelOutputStream done
Event: 3,297 Loading class sun/nio/fs/UnixFileSystem$Flags
Event: 3,297 Loading class sun/nio/fs/UnixFileSystem$Flags done

Classes unloaded (7 events):
Event: 2,945 Thread 0x00007f59bc0e80a0 Unloading class 0x00007f5964190c00 'java/lang/invoke/LambdaForm$MH+0x00007f5964190c00'
Event: 2,945 Thread 0x00007f59bc0e80a0 Unloading class 0x00007f5964190800 'java/lang/invoke/LambdaForm$MH+0x00007f5964190800'
Event: 2,945 Thread 0x00007f59bc0e80a0 Unloading class 0x00007f5964190400 'java/lang/invoke/LambdaForm$MH+0x00007f5964190400'
Event: 2,945 Thread 0x00007f59bc0e80a0 Unloading class 0x00007f5964190000 'java/lang/invoke/LambdaForm$MH+0x00007f5964190000'
Event: 2,945 Thread 0x00007f59bc0e80a0 Unloading class 0x00007f596418fc00 'java/lang/invoke/LambdaForm$BMH+0x00007f596418fc00'
Event: 2,945 Thread 0x00007f59bc0e80a0 Unloading class 0x00007f596418f800 'java/lang/invoke/LambdaForm$DMH+0x00007f596418f800'
Event: 2,945 Thread 0x00007f59bc0e80a0 Unloading class 0x00007f596418e400 'java/lang/invoke/LambdaForm$DMH+0x00007f596418e400'

Classes redefined (0 events):
No events

Internal exceptions (20 events):
Event: 2,411 Thread 0x00007f59bc4b5db0 Exception <a 'java/lang/NoSuchMethodError'{0x00000000d606aec8}: 'java.lang.Object java.lang.invoke.DirectMethodHandle$Holder.newInvokeSpecial(java.lang.Object, java.lang.Object, java.lang.Object, long)'> (0x00000000d606aec8) 
thrown [src/hotspot/share/interpreter/linkResolver.cpp, line 772]
Event: 2,411 Thread 0x00007f59bc4b5db0 Exception <a 'java/lang/NoSuchMethodError'{0x00000000d606f2b8}: 'java.lang.Object java.lang.invoke.DirectMethodHandle$Holder.invokeSpecial(java.lang.Object, java.lang.Object, java.lang.Object, java.lang.Object, long)'> (0x00000000d606f2b8) 
thrown [src/hotspot/share/interpreter/linkResolver.cpp, line 772]
Event: 2,412 Thread 0x00007f59bc4b5db0 Exception <a 'java/lang/NoSuchMethodError'{0x00000000d6072ed8}: 'java.lang.Object java.lang.invoke.Invokers$Holder.linkToTargetMethod(java.lang.Object, java.lang.Object, long, java.lang.Object)'> (0x00000000d6072ed8) 
thrown [src/hotspot/share/interpreter/linkResolver.cpp, line 772]
Event: 2,420 Thread 0x00007f59bc4b5db0 Exception <a 'java/lang/NoSuchMethodError'{0x00000000d60cb5b8}: 'int java.lang.invoke.DirectMethodHandle$Holder.invokeStaticInit(java.lang.Object, java.lang.Object, java.lang.Object)'> (0x00000000d60cb5b8) 
thrown [src/hotspot/share/interpreter/linkResolver.cpp, line 772]
Event: 2,431 Thread 0x00007f59bc4b5db0 Exception <a 'java/lang/IncompatibleClassChangeError'{0x00000000d614df90}: Found class java.lang.Object, but interface was expected> (0x00000000d614df90) 
thrown [src/hotspot/share/interpreter/linkResolver.cpp, line 840]
Event: 2,434 Thread 0x00007f59bc4b5db0 Exception <a 'java/lang/NoSuchMethodError'{0x00000000d6179970}: 'java.lang.Object java.lang.invoke.DirectMethodHandle$Holder.invokeSpecial(java.lang.Object, java.lang.Object, java.lang.Object, int, java.lang.Object, java.lang.Object)'> (0x00000000d6179970) 
thrown [src/hotspot/share/interpreter/linkResolver.cpp, line 772]
Event: 2,434 Thread 0x00007f59bc4b5db0 Exception <a 'java/lang/NoSuchMethodError'{0x00000000d6181448}: 'java.lang.Object java.lang.invoke.DirectMethodHandle$Holder.newInvokeSpecial(java.lang.Object, java.lang.Object, java.lang.Object, int, java.lang.Object)'> (0x00000000d6181448) 
thrown [src/hotspot/share/interpreter/linkResolver.cpp, line 772]
Event: 2,437 Thread 0x00007f59bc4b5db0 Exception <a 'java/lang/NoSuchMethodError'{0x00000000d6185408}: 'java.lang.Object java.lang.invoke.DirectMethodHandle$Holder.invokeSpecial(java.lang.Object, java.lang.Object, java.lang.Object, java.lang.Object, int, java.lang.Object)'> (0x00000000d6185408) 
thrown [src/hotspot/share/interpreter/linkResolver.cpp, line 772]
Event: 2,437 Thread 0x00007f59bc4b5db0 Exception <a 'java/lang/NoSuchMethodError'{0x00000000d6188f48}: 'java.lang.Object java.lang.invoke.Invokers$Holder.linkToTargetMethod(java.lang.Object, java.lang.Object, int, java.lang.Object, java.lang.Object)'> (0x00000000d6188f48) 
thrown [src/hotspot/share/interpreter/linkResolver.cpp, line 772]
Event: 2,439 Thread 0x00007f5910366450 Exception <a 'java/lang/NoSuchMethodError'{0x00000000d6158fe8}: 'java.lang.Object java.lang.invoke.DirectMethodHandle$Holder.invokeSpecial(java.lang.Object, java.lang.Object, int, java.lang.Object, java.lang.Object)'> (0x00000000d6158fe8) 
thrown [src/hotspot/share/interpreter/linkResolver.cpp, line 772]
Event: 2,439 Thread 0x00007f5910366450 Exception <a 'java/lang/NoSuchMethodError'{0x00000000d615fd20}: 'java.lang.Object java.lang.invoke.DirectMethodHandle$Holder.newInvokeSpecial(java.lang.Object, java.lang.Object, int, java.lang.Object)'> (0x00000000d615fd20) 
thrown [src/hotspot/share/interpreter/linkResolver.cpp, line 772]
Event: 2,440 Thread 0x00007f5910366450 Exception <a 'java/lang/NoSuchMethodError'{0x00000000d6163640}: 'java.lang.Object java.lang.invoke.DirectMethodHandle$Holder.invokeSpecial(java.lang.Object, java.lang.Object, java.lang.Object, int, java.lang.Object)'> (0x00000000d6163640) 
thrown [src/hotspot/share/interpreter/linkResolver.cpp, line 772]
Event: 2,483 Thread 0x00007f59bc4b5db0 Exception <a 'java/lang/NoSuchMethodError'{0x00000000d62c5bb8}: 'void java.lang.invoke.DirectMethodHandle$Holder.invokeSpecial(java.lang.Object, java.lang.Object, java.lang.Object, java.lang.Object, java.lang.Object)'> (0x00000000d62c5bb8) 
thrown [src/hotspot/share/interpreter/linkResolver.cpp, line 772]
Event: 2,495 Thread 0x00007f59bc4b5db0 Exception <a 'java/lang/NoSuchMethodError'{0x00000000d63fcc00}: 'double java.lang.invoke.DirectMethodHandle$Holder.invokeStatic(java.lang.Object, java.lang.Object)'> (0x00000000d63fcc00) 
thrown [src/hotspot/share/interpreter/linkResolver.cpp, line 772]
Event: 2,495 Thread 0x00007f59bc4b5db0 Exception <a 'java/lang/NoSuchMethodError'{0x00000000d64002c0}: 'double java.lang.invoke.DirectMethodHandle$Holder.invokeStaticInit(java.lang.Object, java.lang.Object)'> (0x00000000d64002c0) 
thrown [src/hotspot/share/interpreter/linkResolver.cpp, line 772]
Event: 3,164 Thread 0x00007f59bc4b5db0 Exception <a 'java/lang/ClassNotFoundException'{0x00000000d6693130}: com/sun/org/apache/xerces/internal/impl/msg/spi/DOMMessagesProvider> (0x00000000d6693130) 
thrown [src/hotspot/share/classfile/systemDictionary.cpp, line 312]
Event: 3,171 Thread 0x00007f59bc4b5db0 Exception <a 'java/lang/ClassNotFoundException'{0x00000000d66c0f50}: com/sun/org/apache/xerces/internal/impl/msg/spi/XMLSerializerMessagesProvider> (0x00000000d66c0f50) 
thrown [src/hotspot/share/classfile/systemDictionary.cpp, line 312]
Event: 3,172 Thread 0x00007f59bc4b5db0 Exception <a 'java/lang/ClassNotFoundException'{0x00000000d66d94c0}: com/sun/org/apache/xerces/internal/impl/msg/spi/XMLMessagesProvider> (0x00000000d66d94c0) 
thrown [src/hotspot/share/classfile/systemDictionary.cpp, line 312]
Event: 3,223 Thread 0x00007f59bc4b5db0 Exception <a 'java/lang/NoSuchMethodError'{0x00000000d692ab98}: 'java.lang.Object java.lang.invoke.DirectMethodHandle$Holder.newInvokeSpecial(java.lang.Object, int, java.lang.Object, java.lang.Object)'> (0x00000000d692ab98) 
thrown [src/hotspot/share/interpreter/linkResolver.cpp, line 772]
Event: 3,268 Thread 0x00007f59bc4b5db0 Exception <a 'sun/nio/fs/UnixException'{0x00000000d6b0f9f0}> (0x00000000d6b0f9f0) 
thrown [src/hotspot/share/prims/jni.cpp, line 520]

ZGC Phase Switch (0 events):
No events

VM Operations (20 events):
Event: 1,721 Executing VM operation: HandshakeAllThreads (Deoptimize)
Event: 1,721 Executing VM operation: HandshakeAllThreads (Deoptimize) done
Event: 1,965 Executing VM operation: HandshakeAllThreads (Deoptimize)
Event: 1,965 Executing VM operation: HandshakeAllThreads (Deoptimize) done
Event: 2,145 Executing VM operation: ParallelGCFailedAllocation (Allocation Failure)
Event: 2,152 Executing VM operation: ParallelGCFailedAllocation (Allocation Failure) done
Event: 2,229 Executing VM operation: HandshakeAllThreads (Deoptimize)
Event: 2,229 Executing VM operation: HandshakeAllThreads (Deoptimize) done
Event: 2,234 Executing VM operation: HandshakeAllThreads (Deoptimize)
Event: 2,234 Executing VM operation: HandshakeAllThreads (Deoptimize) done
Event: 2,271 Executing VM operation: HandshakeAllThreads (Deoptimize)
Event: 2,271 Executing VM operation: HandshakeAllThreads (Deoptimize) done
Event: 2,656 Executing VM operation: ParallelGCFailedAllocation (Allocation Failure)
Event: 2,672 Executing VM operation: ParallelGCFailedAllocation (Allocation Failure) done
Event: 2,833 Executing VM operation: ParallelGCFailedAllocation (Allocation Failure)
Event: 2,845 Executing VM operation: ParallelGCFailedAllocation (Allocation Failure) done
Event: 2,916 Executing VM operation: CollectForMetadataAllocation (Metadata GC Threshold)
Event: 2,985 Executing VM operation: CollectForMetadataAllocation (Metadata GC Threshold) done
Event: 3,098 Executing VM operation: HandshakeAllThreads (Deoptimize)
Event: 3,098 Executing VM operation: HandshakeAllThreads (Deoptimize) done

Memory protections (20 events):
Event: 0,003 Protecting memory [0x00007f59c3226000,0x00007f59c322a000] with protection modes 0
Event: 0,029 Protecting memory [0x00007f5961c7e000,0x00007f5961c82000] with protection modes 0
Event: 0,030 Protecting memory [0x00007f5961b7e000,0x00007f5961b82000] with protection modes 0
Event: 0,030 Protecting memory [0x00007f5961a7e000,0x00007f5961a82000] with protection modes 0
Event: 0,030 Protecting memory [0x00007f596197e000,0x00007f5961982000] with protection modes 0
Event: 0,030 Protecting memory [0x00007f596187e000,0x00007f5961882000] with protection modes 0
Event: 0,033 Protecting memory [0x00007f596177e000,0x00007f5961782000] with protection modes 0
Event: 0,044 Protecting memory [0x00007f596167e000,0x00007f5961682000] with protection modes 0
Event: 0,056 Protecting memory [0x00007f596157e000,0x00007f5961582000] with protection modes 0
Event: 0,139 Protecting memory [0x00007f5961468000,0x00007f596146c000] with protection modes 0
Event: 0,264 Protecting memory [0x00007f5961358000,0x00007f596135c000] with protection modes 0
Event: 1,435 Protecting memory [0x00007f5960f31000,0x00007f5960f35000] with protection modes 0
Event: 1,583 Protecting memory [0x00007f5960d31000,0x00007f5960d35000] with protection modes 0
Event: 1,584 Protecting memory [0x00007f5960e31000,0x00007f5960e35000] with protection modes 0
Event: 1,609 Protecting memory [0x00007f5960c1d000,0x00007f5960c21000] with protection modes 0
Event: 1,707 Protecting memory [0x00007f5960b1d000,0x00007f5960b21000] with protection modes 0
Event: 2,029 Protecting memory [0x00007f5960a1d000,0x00007f5960a21000] with protection modes 0
Event: 2,427 Protecting memory [0x00007f596091d000,0x00007f5960921000] with protection modes 0
Event: 2,457 Protecting memory [0x00007f596081d000,0x00007f5960821000] with protection modes 0
Event: 3,217 Protecting memory [0x00007f596071d000,0x00007f5960721000] with protection modes 0

Nmethod flushes (0 events):
No events

Events (20 events):
Event: 0,029 Thread 0x00007f59bc02a490 Thread added: 0x00007f59bc0f1800
Event: 0,030 Thread 0x00007f59bc02a490 Thread added: 0x00007f59bc0f2d30
Event: 0,030 Thread 0x00007f59bc02a490 Thread added: 0x00007f59bc0f4480
Event: 0,030 Thread 0x00007f59bc02a490 Thread added: 0x00007f59bc0f5a80
Event: 0,030 Thread 0x00007f59bc02a490 Thread added: 0x00007f59bc0f6fe0
Event: 0,033 Thread 0x00007f59bc02a490 Thread added: 0x00007f59bc0f8ae0
Event: 0,033 Thread 0x00007f59bc02a490 Thread added: 0x00007f59bc0fa160
Event: 0,055 Thread 0x00007f59bc02a490 Thread added: 0x00007f59bc122d00
Event: 0,139 Thread 0x00007f59bc0fa160 Thread added: 0x00007f593c0789c0
Event: 0,264 Thread 0x00007f59bc02a490 Thread added: 0x00007f59bc2388b0
Event: 1,435 Thread 0x00007f59bc02a490 Thread added: 0x00007f59bc451af0
Event: 1,577 Thread 0x00007f59bc02a490 Thread added: 0x00007f59bc4a5e00
Event: 1,581 Thread 0x00007f59bc02a490 Thread added: 0x00007f59bc4b5db0
Event: 1,608 Thread 0x00007f59bc4b5db0 Thread added: 0x00007f5910036720
Event: 1,707 Thread 0x00007f59bc4b5db0 Thread added: 0x00007f59100a9190
Event: 2,016 Thread 0x00007f59bc4b5db0 Thread added: 0x00007f591024ec10
Event: 2,417 Thread 0x00007f59bc4b5db0 Thread added: 0x00007f5910366450
Event: 2,457 Thread 0x00007f59bc4b5db0 Thread added: 0x00007f5910373300
Event: 3,204 Thread 0x00007f59bc4b5db0 Thread added: 0x00007f59106b0bf0
Event: 3,297 Thread 0x00007f59106b0bf0 Thread exited: 0x00007f59106b0bf0


Dynamic libraries:
80000000-84300000 rw-p 00000000 00:00 0 
84300000-d5580000 ---p 00000000 00:00 0 
d5580000-d7400000 rw-p 00000000 00:00 0 
d7400000-100000000 ---p 00000000 00:00 0 
5559be287000-5559be288000 r-xp 00000000 08:08 4071887                    /home/aluno/.vscode/extensions/redhat.java-1.44.0-linux-x64/jre/21.0.8-linux-x86_64/bin/java
5559be289000-5559be28a000 r--p 00001000 08:08 4071887                    /home/aluno/.vscode/extensions/redhat.java-1.44.0-linux-x64/jre/21.0.8-linux-x86_64/bin/java
5559be28a000-5559be28b000 rw-p 00002000 08:08 4071887                    /home/aluno/.vscode/extensions/redhat.java-1.44.0-linux-x64/jre/21.0.8-linux-x86_64/bin/java
5559c527f000-5559c52c6000 rw-p 00000000 00:00 0                          [heap]
7f58f8000000-7f58f8021000 rw-p 00000000 00:00 0 
7f58f8021000-7f58fc000000 ---p 00000000 00:00 0 
7f5900000000-7f5900021000 rw-p 00000000 00:00 0 
7f5900021000-7f5904000000 ---p 00000000 00:00 0 
7f5904000000-7f5904021000 rw-p 00000000 00:00 0 
7f5904021000-7f5908000000 ---p 00000000 00:00 0 
7f5908000000-7f5908021000 rw-p 00000000 00:00 0 
7f5908021000-7f590c000000 ---p 00000000 00:00 0 
7f590c000000-7f590c021000 rw-p 00000000 00:00 0 
7f590c021000-7f5910000000 ---p 00000000 00:00 0 
7f5910000000-7f5910748000 rw-p 00000000 00:00 0 
7f5910748000-7f5914000000 ---p 00000000 00:00 0 
7f5914000000-7f5914021000 rw-p 00000000 00:00 0 
7f5914021000-7f5918000000 ---p 00000000 00:00 0 
7f5918000000-7f5918021000 rw-p 00000000 00:00 0 
7f5918021000-7f591c000000 ---p 00000000 00:00 0 
7f591c000000-7f591c021000 rw-p 00000000 00:00 0 
7f591c021000-7f5920000000 ---p 00000000 00:00 0 
7f5920000000-7f5920021000 rw-p 00000000 00:00 0 
7f5920021000-7f5924000000 ---p 00000000 00:00 0 
7f5924000000-7f5924021000 rw-p 00000000 00:00 0 
7f5924021000-7f5928000000 ---p 00000000 00:00 0 
7f5928000000-7f5928021000 rw-p 00000000 00:00 0 
7f5928021000-7f592c000000 ---p 00000000 00:00 0 
7f592c000000-7f592c021000 rw-p 00000000 00:00 0 
7f592c021000-7f5930000000 ---p 00000000 00:00 0 
7f5930000000-7f5930021000 rw-p 00000000 00:00 0 
7f5930021000-7f5934000000 ---p 00000000 00:00 0 
7f5934000000-7f5934a39000 rw-p 00000000 00:00 0 
7f5934a39000-7f5938000000 ---p 00000000 00:00 0 
7f5938000000-7f59388d8000 rw-p 00000000 00:00 0 
7f59388d8000-7f593c000000 ---p 00000000 00:00 0 
7f593c000000-7f593c539000 rw-p 00000000 00:00 0 
7f593c539000-7f5940000000 ---p 00000000 00:00 0 
7f5940000000-7f5940021000 rw-p 00000000 00:00 0 
7f5940021000-7f5944000000 ---p 00000000 00:00 0 
7f5944000000-7f5944021000 rw-p 00000000 00:00 0 
7f5944021000-7f5948000000 ---p 00000000 00:00 0 
7f5948000000-7f5948021000 rw-p 00000000 00:00 0 
7f5948021000-7f594c000000 ---p 00000000 00:00 0 
7f594c000000-7f594c021000 rw-p 00000000 00:00 0 
7f594c021000-7f5950000000 ---p 00000000 00:00 0 
7f5950000000-7f5950021000 rw-p 00000000 00:00 0 
7f5950021000-7f5954000000 ---p 00000000 00:00 0 
7f5954000000-7f5954021000 rw-p 00000000 00:00 0 
7f5954021000-7f5958000000 ---p 00000000 00:00 0 
7f5958000000-7f5958400000 rw-p 00000000 00:00 0 
7f5958400000-7f5958900000 rw-p 00000000 00:00 0 
7f5958900000-7f5958d00000 rw-p 00000000 00:00 0 
7f5958d00000-7f5958e00000 rw-p 00000000 00:00 0 
7f5958e00000-7f59594a0000 rw-p 00000000 00:00 0 
7f59594a0000-7f5959500000 ---p 00000000 00:00 0 
7f5959500000-7f5959510000 rw-p 00000000 00:00 0 
7f5959510000-7f595c000000 ---p 00000000 00:00 0 
7f595c000000-7f595c021000 rw-p 00000000 00:00 0 
7f595c021000-7f5960000000 ---p 00000000 00:00 0 
7f59602b1000-7f596071d000 rw-p 00000000 00:00 0 
7f596071d000-7f5960721000 ---p 00000000 00:00 0 
7f5960721000-7f596081d000 rw-p 00000000 00:00 0 
7f596081d000-7f5960821000 ---p 00000000 00:00 0 
7f5960821000-7f596091d000 rw-p 00000000 00:00 0 
7f596091d000-7f5960921000 ---p 00000000 00:00 0 
7f5960921000-7f5960a1d000 rw-p 00000000 00:00 0 
7f5960a1d000-7f5960a21000 ---p 00000000 00:00 0 
7f5960a21000-7f5960b1d000 rw-p 00000000 00:00 0 
7f5960b1d000-7f5960b21000 ---p 00000000 00:00 0 
7f5960b21000-7f5960c1d000 rw-p 00000000 00:00 0 
7f5960c1d000-7f5960c21000 ---p 00000000 00:00 0 
7f5960c21000-7f5960d1d000 rw-p 00000000 00:00 0 
7f5960d1d000-7f5960d21000 r--p 00000000 08:08 4072518                    /home/aluno/.config/Code/User/globalStorage/redhat.java/1.44.0/config_ss_linux/org.eclipse.equinox.launcher/org.eclipse.equinox.launcher.gtk.linux.x86_64_1.2.1500.v20250730-1736/eclipse_11913.so
7f5960d21000-7f5960d2b000 r-xp 00004000 08:08 4072518                    /home/aluno/.config/Code/User/globalStorage/redhat.java/1.44.0/config_ss_linux/org.eclipse.equinox.launcher/org.eclipse.equinox.launcher.gtk.linux.x86_64_1.2.1500.v20250730-1736/eclipse_11913.so
7f5960d2b000-7f5960d2e000 r--p 0000e000 08:08 4072518                    /home/aluno/.config/Code/User/globalStorage/redhat.java/1.44.0/config_ss_linux/org.eclipse.equinox.launcher/org.eclipse.equinox.launcher.gtk.linux.x86_64_1.2.1500.v20250730-1736/eclipse_11913.so
7f5960d2e000-7f5960d2f000 r--p 00010000 08:08 4072518                    /home/aluno/.config/Code/User/globalStorage/redhat.java/1.44.0/config_ss_linux/org.eclipse.equinox.launcher/org.eclipse.equinox.launcher.gtk.linux.x86_64_1.2.1500.v20250730-1736/eclipse_11913.so
7f5960d2f000-7f5960d30000 rw-p 00011000 08:08 4072518                    /home/aluno/.config/Code/User/globalStorage/redhat.java/1.44.0/config_ss_linux/org.eclipse.equinox.launcher/org.eclipse.equinox.launcher.gtk.linux.x86_64_1.2.1500.v20250730-1736/eclipse_11913.so
7f5960d30000-7f5960d31000 rw-p 00000000 00:00 0 
7f5960d31000-7f5960d35000 ---p 00000000 00:00 0 
7f5960d35000-7f5960e31000 rw-p 00000000 00:00 0 
7f5960e31000-7f5960e35000 ---p 00000000 00:00 0 
7f5960e35000-7f5960f31000 rw-p 00000000 00:00 0 
7f5960f31000-7f5960f35000 ---p 00000000 00:00 0 
7f5960f35000-7f5961031000 rw-p 00000000 00:00 0 
7f5961031000-7f5961032000 ---p 00000000 00:00 0 
7f5961032000-7f5961132000 rw-p 00000000 00:00 0 
7f5961132000-7f5961133000 ---p 00000000 00:00 0 
7f5961133000-7f5961233000 rw-p 00000000 00:00 0 
7f5961233000-7f5961234000 ---p 00000000 00:00 0 
7f5961234000-7f5961334000 rw-p 00000000 00:00 0 
7f5961334000-7f5961358000 r--p 00000000 08:08 425679                     /usr/share/locale-langpack/pt_BR/LC_MESSAGES/libc.mo
7f5961358000-7f596135c000 ---p 00000000 00:00 0 
7f596135c000-7f5961458000 rw-p 00000000 00:00 0 
7f5961458000-7f5961465000 r-xp 00000000 08:08 4072288                    /home/aluno/.vscode/extensions/redhat.java-1.44.0-linux-x64/jre/21.0.8-linux-x86_64/lib/libverify.so
7f5961465000-7f5961467000 r--p 0000c000 08:08 4072288                    /home/aluno/.vscode/extensions/redhat.java-1.44.0-linux-x64/jre/21.0.8-linux-x86_64/lib/libverify.so
7f5961467000-7f5961468000 rw-p 0000e000 08:08 4072288                    /home/aluno/.vscode/extensions/redhat.java-1.44.0-linux-x64/jre/21.0.8-linux-x86_64/lib/libverify.so
7f5961468000-7f596146c000 ---p 00000000 00:00 0 
7f596146c000-7f5961568000 rw-p 00000000 00:00 0 
7f5961568000-7f596157c000 r-xp 00000000 08:08 4072281                    /home/aluno/.vscode/extensions/redhat.java-1.44.0-linux-x64/jre/21.0.8-linux-x86_64/lib/libnio.so
7f596157c000-7f596157d000 r--p 00013000 08:08 4072281                    /home/aluno/.vscode/extensions/redhat.java-1.44.0-linux-x64/jre/21.0.8-linux-x86_64/lib/libnio.so
7f596157d000-7f596157e000 rw-p 00014000 08:08 4072281                    /home/aluno/.vscode/extensions/redhat.java-1.44.0-linux-x64/jre/21.0.8-linux-x86_64/lib/libnio.so
7f596157e000-7f5961582000 ---p 00000000 00:00 0 
7f5961582000-7f596167e000 rw-p 00000000 00:00 0 
7f596167e000-7f5961682000 ---p 00000000 00:00 0 
7f5961682000-7f596177e000 rw-p 00000000 00:00 0 
7f596177e000-7f5961782000 ---p 00000000 00:00 0 
7f5961782000-7f596187e000 rw-p 00000000 00:00 0 
7f596187e000-7f5961882000 ---p 00000000 00:00 0 
7f5961882000-7f596197e000 rw-p 00000000 00:00 0 
7f596197e000-7f5961982000 ---p 00000000 00:00 0 
7f5961982000-7f5961a7e000 rw-p 00000000 00:00 0 
7f5961a7e000-7f5961a82000 ---p 00000000 00:00 0 
7f5961a82000-7f5961b7e000 rw-p 00000000 00:00 0 
7f5961b7e000-7f5961b82000 ---p 00000000 00:00 0 
7f5961b82000-7f5961c7e000 rw-p 00000000 00:00 0 
7f5961c7e000-7f5961c82000 ---p 00000000 00:00 0 
7f5961c82000-7f5961d7e000 rw-p 00000000 00:00 0 
7f5961d7e000-7f59622f3000 r--p 00000000 08:08 4474952                    /usr/lib/locale/locale-archive
7f59622f3000-7f59622f4000 ---p 00000000 00:00 0 
7f59622f4000-7f5963000000 rw-p 00000000 00:00 0 
7f5963000000-7f5963bbf000 rw-p 00001000 08:08 4072300                    /home/aluno/.vscode/extensions/redhat.java-1.44.0-linux-x64/jre/21.0.8-linux-x86_64/lib/server/classes.jsa
7f5963bbf000-7f5964000000 ---p 00000000 00:00 0 
7f5964000000-7f5964040000 rw-p 00000000 00:00 0 
7f5964040000-7f59640c0000 rw-p 00000000 00:00 0 
7f59640c0000-7f5964100000 rw-p 00000000 00:00 0 
7f5964100000-7f5964260000 rw-p 00000000 00:00 0 
7f5964260000-7f5964280000 ---p 00000000 00:00 0 
7f5964280000-7f5964290000 rw-p 00000000 00:00 0 
7f5964290000-7f59a4000000 ---p 00000000 00:00 0 
7f59a4000000-7f59a8000000 rw-p 00000000 00:00 0 
7f59a8000000-7f59a8021000 rw-p 00000000 00:00 0 
7f59a8021000-7f59ac000000 ---p 00000000 00:00 0 
7f59ac000000-7f59ac00c000 r-xp 00000000 08:08 4072280                    /home/aluno/.vscode/extensions/redhat.java-1.44.0-linux-x64/jre/21.0.8-linux-x86_64/lib/libnet.so
7f59ac00c000-7f59ac00d000 r--p 0000b000 08:08 4072280                    /home/aluno/.vscode/extensions/redhat.java-1.44.0-linux-x64/jre/21.0.8-linux-x86_64/lib/libnet.so
7f59ac00d000-7f59ac00e000 rw-p 0000c000 08:08 4072280                    /home/aluno/.vscode/extensions/redhat.java-1.44.0-linux-x64/jre/21.0.8-linux-x86_64/lib/libnet.so
7f59ac00e000-7f59ac029000 r-xp 00000000 08:08 4072289                    /home/aluno/.vscode/extensions/redhat.java-1.44.0-linux-x64/jre/21.0.8-linux-x86_64/lib/libzip.so
7f59ac029000-7f59ac02a000 r--p 0001a000 08:08 4072289                    /home/aluno/.vscode/extensions/redhat.java-1.44.0-linux-x64/jre/21.0.8-linux-x86_64/lib/libzip.so
7f59ac02a000-7f59ac02b000 rw-p 0001b000 08:08 4072289                    /home/aluno/.vscode/extensions/redhat.java-1.44.0-linux-x64/jre/21.0.8-linux-x86_64/lib/libzip.so
7f59ac02b000-7f59ac02c000 ---p 00000000 00:00 0 
7f59ac02c000-7f59ac693000 rw-p 00000000 00:00 0 
7f59ac693000-7f59ac91c000 ---p 00000000 00:00 0 
7f59ac91c000-7f59ac91d000 ---p 00000000 00:00 0 
7f59ac91d000-7f59aca3f000 rw-p 00000000 00:00 0 
7f59aca3f000-7f59accc7000 ---p 00000000 00:00 0 
7f59accc7000-7f59accd7000 rw-p 00000000 00:00 0 
7f59accd7000-7f59ace1e000 ---p 00000000 00:00 0 
7f59ace1e000-7f59ace23000 rw-p 00000000 00:00 0 
7f59ace23000-7f59acf09000 ---p 00000000 00:00 0 
7f59acf09000-7f59acf14000 rw-p 00000000 00:00 0 
7f59acf14000-7f59acff4000 ---p 00000000 00:00 0 
7f59acff4000-7f59acff9000 rw-p 00000000 00:00 0 
7f59acff9000-7f59ad000000 ---p 00000000 00:00 0 
7f59ad000000-7f59ad530000 rwxp 00000000 00:00 0 
7f59ad530000-7f59b4537000 ---p 00000000 00:00 0 
7f59b4537000-7f59b47a7000 rwxp 00000000 00:00 0 
7f59b47a7000-7f59b4ac8000 ---p 00000000 00:00 0 
7f59b4ac8000-7f59b4d38000 rwxp 00000000 00:00 0 
7f59b4d38000-7f59bc000000 ---p 00000000 00:00 0 
7f59bc000000-7f59bc4dc000 rw-p 00000000 00:00 0 
7f59bc4dc000-7f59c0000000 ---p 00000000 00:00 0 
7f59c0002000-7f59c0009000 r--s 00000000 08:08 4623341                    /usr/lib/x86_64-linux-gnu/gconv/gconv-modules.cache
7f59c0009000-7f59c0011000 rw-s 00000000 08:08 1050795                    /tmp/hsperfdata_aluno/15881
7f59c0011000-7f59c0031000 r-xp 00000000 08:08 4072266                    /home/aluno/.vscode/extensions/redhat.java-1.44.0-linux-x64/jre/21.0.8-linux-x86_64/lib/libjava.so
7f59c0031000-7f59c0032000 ---p 00020000 08:08 4072266                    /home/aluno/.vscode/extensions/redhat.java-1.44.0-linux-x64/jre/21.0.8-linux-x86_64/lib/libjava.so
7f59c0032000-7f59c0033000 r--p 00020000 08:08 4072266                    /home/aluno/.vscode/extensions/redhat.java-1.44.0-linux-x64/jre/21.0.8-linux-x86_64/lib/libjava.so
7f59c0033000-7f59c0034000 rw-p 00021000 08:08 4072266                    /home/aluno/.vscode/extensions/redhat.java-1.44.0-linux-x64/jre/21.0.8-linux-x86_64/lib/libjava.so
7f59c0034000-7f59c0035000 rw-p 00000000 00:00 0 
7f59c0035000-7f59c3207000 r--s 00000000 08:08 4072290                    /home/aluno/.vscode/extensions/redhat.java-1.44.0-linux-x64/jre/21.0.8-linux-x86_64/lib/modules
7f59c3207000-7f59c3222000 r-xp 00000000 08:08 4072270                    /home/aluno/.vscode/extensions/redhat.java-1.44.0-linux-x64/jre/21.0.8-linux-x86_64/lib/libjimage.so
7f59c3222000-7f59c3223000 ---p 0001b000 08:08 4072270                    /home/aluno/.vscode/extensions/redhat.java-1.44.0-linux-x64/jre/21.0.8-linux-x86_64/lib/libjimage.so
7f59c3223000-7f59c3225000 r--p 0001b000 08:08 4072270                    /home/aluno/.vscode/extensions/redhat.java-1.44.0-linux-x64/jre/21.0.8-linux-x86_64/lib/libjimage.so
7f59c3225000-7f59c3226000 rw-p 0001d000 08:08 4072270                    /home/aluno/.vscode/extensions/redhat.java-1.44.0-linux-x64/jre/21.0.8-linux-x86_64/lib/libjimage.so
7f59c3226000-7f59c322a000 ---p 00000000 00:00 0 
7f59c322a000-7f59c3326000 rw-p 00000000 00:00 0 
7f59c3326000-7f59c3334000 r--p 00000000 08:08 4465260                    /usr/lib/x86_64-linux-gnu/libm.so.6
7f59c3334000-7f59c33b0000 r-xp 0000e000 08:08 4465260                    /usr/lib/x86_64-linux-gnu/libm.so.6
7f59c33b0000-7f59c340b000 r--p 0008a000 08:08 4465260                    /usr/lib/x86_64-linux-gnu/libm.so.6
7f59c340b000-7f59c340c000 r--p 000e4000 08:08 4465260                    /usr/lib/x86_64-linux-gnu/libm.so.6
7f59c340c000-7f59c340d000 rw-p 000e5000 08:08 4465260                    /usr/lib/x86_64-linux-gnu/libm.so.6
7f59c340d000-7f59c340e000 r--p 00000000 08:08 4465449                    /usr/lib/x86_64-linux-gnu/librt.so.1
7f59c340e000-7f59c340f000 r-xp 00001000 08:08 4465449                    /usr/lib/x86_64-linux-gnu/librt.so.1
7f59c340f000-7f59c3410000 r--p 00002000 08:08 4465449                    /usr/lib/x86_64-linux-gnu/librt.so.1
7f59c3410000-7f59c3411000 r--p 00002000 08:08 4465449                    /usr/lib/x86_64-linux-gnu/librt.so.1
7f59c3411000-7f59c3412000 rw-p 00003000 08:08 4465449                    /usr/lib/x86_64-linux-gnu/librt.so.1
7f59c3412000-7f59c482d000 r-xp 00000000 08:08 4072302                    /home/aluno/.vscode/extensions/redhat.java-1.44.0-linux-x64/jre/21.0.8-linux-x86_64/lib/server/libjvm.so
7f59c482d000-7f59c482e000 ---p 0141b000 08:08 4072302                    /home/aluno/.vscode/extensions/redhat.java-1.44.0-linux-x64/jre/21.0.8-linux-x86_64/lib/server/libjvm.so
7f59c482e000-7f59c4902000 r--p 0141b000 08:08 4072302                    /home/aluno/.vscode/extensions/redhat.java-1.44.0-linux-x64/jre/21.0.8-linux-x86_64/lib/server/libjvm.so
7f59c4902000-7f59c4932000 rw-p 014ef000 08:08 4072302                    /home/aluno/.vscode/extensions/redhat.java-1.44.0-linux-x64/jre/21.0.8-linux-x86_64/lib/server/libjvm.so
7f59c4932000-7f59c499a000 rw-p 00000000 00:00 0 
7f59c499a000-7f59c49c2000 r--p 00000000 08:08 4465257                    /usr/lib/x86_64-linux-gnu/libc.so.6
7f59c49c2000-7f59c4b57000 r-xp 00028000 08:08 4465257                    /usr/lib/x86_64-linux-gnu/libc.so.6
7f59c4b57000-7f59c4baf000 r--p 001bd000 08:08 4465257                    /usr/lib/x86_64-linux-gnu/libc.so.6
7f59c4baf000-7f59c4bb0000 ---p 00215000 08:08 4465257                    /usr/lib/x86_64-linux-gnu/libc.so.6
7f59c4bb0000-7f59c4bb4000 r--p 00215000 08:08 4465257                    /usr/lib/x86_64-linux-gnu/libc.so.6
7f59c4bb4000-7f59c4bb6000 rw-p 00219000 08:08 4465257                    /usr/lib/x86_64-linux-gnu/libc.so.6
7f59c4bb6000-7f59c4bc3000 rw-p 00000000 00:00 0 
7f59c4bc3000-7f59c4bc4000 r--p 00000000 08:08 4465259                    /usr/lib/x86_64-linux-gnu/libdl.so.2
7f59c4bc4000-7f59c4bc5000 r-xp 00001000 08:08 4465259                    /usr/lib/x86_64-linux-gnu/libdl.so.2
7f59c4bc5000-7f59c4bc6000 r--p 00002000 08:08 4465259                    /usr/lib/x86_64-linux-gnu/libdl.so.2
7f59c4bc6000-7f59c4bc7000 r--p 00002000 08:08 4465259                    /usr/lib/x86_64-linux-gnu/libdl.so.2
7f59c4bc7000-7f59c4bc8000 rw-p 00003000 08:08 4465259                    /usr/lib/x86_64-linux-gnu/libdl.so.2
7f59c4bc8000-7f59c4bc9000 r--p 00000000 08:08 4465441                    /usr/lib/x86_64-linux-gnu/libpthread.so.0
7f59c4bc9000-7f59c4bca000 r-xp 00001000 08:08 4465441                    /usr/lib/x86_64-linux-gnu/libpthread.so.0
7f59c4bca000-7f59c4bcb000 r--p 00002000 08:08 4465441                    /usr/lib/x86_64-linux-gnu/libpthread.so.0
7f59c4bcb000-7f59c4bcc000 r--p 00002000 08:08 4465441                    /usr/lib/x86_64-linux-gnu/libpthread.so.0
7f59c4bcc000-7f59c4bcd000 rw-p 00003000 08:08 4465441                    /usr/lib/x86_64-linux-gnu/libpthread.so.0
7f59c4bcf000-7f59c4bd9000 r-xp 00000000 08:08 4072261                    /home/aluno/.vscode/extensions/redhat.java-1.44.0-linux-x64/jre/21.0.8-linux-x86_64/lib/libinstrument.so
7f59c4bd9000-7f59c4bda000 ---p 0000a000 08:08 4072261                    /home/aluno/.vscode/extensions/redhat.java-1.44.0-linux-x64/jre/21.0.8-linux-x86_64/lib/libinstrument.so
7f59c4bda000-7f59c4bdb000 r--p 0000a000 08:08 4072261                    /home/aluno/.vscode/extensions/redhat.java-1.44.0-linux-x64/jre/21.0.8-linux-x86_64/lib/libinstrument.so
7f59c4bdb000-7f59c4bdc000 rw-p 0000b000 08:08 4072261                    /home/aluno/.vscode/extensions/redhat.java-1.44.0-linux-x64/jre/21.0.8-linux-x86_64/lib/libinstrument.so
7f59c4bdc000-7f59c4bdd000 ---p 00000000 00:00 0 
7f59c4bdd000-7f59c4bde000 r--p 00000000 00:00 0 
7f59c4bde000-7f59c4bf7000 r-xp 00000000 08:08 4072271                    /home/aluno/.vscode/extensions/redhat.java-1.44.0-linux-x64/jre/21.0.8-linux-x86_64/lib/libjli.so
7f59c4bf7000-7f59c4bf8000 r--p 00018000 08:08 4072271                    /home/aluno/.vscode/extensions/redhat.java-1.44.0-linux-x64/jre/21.0.8-linux-x86_64/lib/libjli.so
7f59c4bf8000-7f59c4bf9000 rw-p 00019000 08:08 4072271                    /home/aluno/.vscode/extensions/redhat.java-1.44.0-linux-x64/jre/21.0.8-linux-x86_64/lib/libjli.so
7f59c4bf9000-7f59c4bfb000 rw-p 00000000 00:00 0 
7f59c4bfb000-7f59c4bfd000 r--p 00000000 08:08 4465178                    /usr/lib/x86_64-linux-gnu/ld-linux-x86-64.so.2
7f59c4bfd000-7f59c4c27000 r-xp 00002000 08:08 4465178                    /usr/lib/x86_64-linux-gnu/ld-linux-x86-64.so.2
7f59c4c27000-7f59c4c32000 r--p 0002c000 08:08 4465178                    /usr/lib/x86_64-linux-gnu/ld-linux-x86-64.so.2
7f59c4c32000-7f59c4c33000 ---p 00000000 00:00 0 
7f59c4c33000-7f59c4c35000 r--p 00037000 08:08 4465178                    /usr/lib/x86_64-linux-gnu/ld-linux-x86-64.so.2
7f59c4c35000-7f59c4c37000 rw-p 00039000 08:08 4465178                    /usr/lib/x86_64-linux-gnu/ld-linux-x86-64.so.2
7ffd8826b000-7ffd8828c000 rw-p 00000000 00:00 0                          [stack]
7ffd88383000-7ffd88387000 r--p 00000000 00:00 0                          [vvar]
7ffd88387000-7ffd88389000 r-xp 00000000 00:00 0                          [vdso]
ffffffffff600000-ffffffffff601000 --xp 00000000 00:00 0                  [vsyscall]
Total number of mappings: 231

JVMTI agents:
/home/aluno/.vscode/extensions/redhat.java-1.44.0-linux-x64/lombok/lombok-1.18.39-4050.jar path:none, loaded, initialized, instrumentlib options:none


VM Arguments:
jvm_args: --add-modules=ALL-SYSTEM --add-opens=java.base/java.util=ALL-UNNAMED --add-opens=java.base/java.lang=ALL-UNNAMED --add-opens=java.base/sun.nio.fs=ALL-UNNAMED -Declipse.application=org.eclipse.jdt.ls.core.id1 -Dosgi.bundles.defaultStartLevel=4 -Declipse.product=org.eclipse.jdt.ls.core.product -Djava.import.generatesMetadataFilesAtProjectRoot=false -DDetectVMInstallationsJob.disabled=true -Dfile.encoding=utf8 -XX:+UseParallelGC -XX:GCTimeRatio=4 -XX:AdaptiveSizePolicyWeight=90 -Dsun.zip.disableMemoryMapping=true -Xmx2G -Xms100m -Xlog:disable -javaagent:/home/aluno/.vscode/extensions/redhat.java-1.44.0-linux-x64/lombok/lombok-1.18.39-4050.jar 
java_command: /home/aluno/.vscode/extensions/redhat.java-1.44.0-linux-x64/server/plugins/org.eclipse.equinox.launcher_1.7.0.v20250519-0528.jar -configuration /home/aluno/.config/Code/User/globalStorage/redhat.java/1.44.0/config_ss_linux -data /home/aluno/.config/Code/User/workspaceStorage/6b20194e7094b1b0cd4367931a6b708a/redhat.java/ss_ws --pipe=/run/user/1002/lsp-cd34c8a473925e2916ac8a8b97246de5.sock
java_class_path (initial): /home/aluno/.vscode/extensions/redhat.java-1.44.0-linux-x64/server/plugins/org.eclipse.equinox.launcher_1.7.0.v20250519-0528.jar
Launcher Type: SUN_STANDARD

[Global flags]
    uintx AdaptiveSizePolicyWeight                 = 90                                        {product} {command line}
     intx CICompilerCount                          = 3                                         {product} {ergonomic}
    uintx GCTimeRatio                              = 4                                         {product} {command line}
   size_t InitialHeapSize                          = 104857600                                 {product} {command line}
   size_t MaxHeapSize                              = 2147483648                                {product} {command line}
   size_t MaxNewSize                               = 715653120                                 {product} {ergonomic}
   size_t MinHeapDeltaBytes                        = 524288                                    {product} {ergonomic}
   size_t MinHeapSize                              = 104857600                                 {product} {command line}
   size_t NewSize                                  = 34603008                                  {product} {ergonomic}
    uintx NonNMethodCodeHeapSize                   = 5832780                                {pd product} {ergonomic}
    uintx NonProfiledCodeHeapSize                  = 122912730                              {pd product} {ergonomic}
   size_t OldSize                                  = 70254592                                  {product} {ergonomic}
    uintx ProfiledCodeHeapSize                     = 122912730                              {pd product} {ergonomic}
    uintx ReservedCodeCacheSize                    = 251658240                              {pd product} {ergonomic}
     bool SegmentedCodeCache                       = true                                      {product} {ergonomic}
   size_t SoftMaxHeapSize                          = 2147483648                             {manageable} {ergonomic}
     bool UseCompressedOops                        = true                           {product lp64_product} {ergonomic}
     bool UseParallelGC                            = true                                      {product} {command line}

Logging:
Log output configuration:
 #0: stdout all=off uptime,level,tags foldmultilines=false
 #1: stderr all=off uptime,level,tags foldmultilines=false

Environment Variables:
PATH=/home/aluno/.nvm/versions/node/v21.4.0/bin:/usr/local/sbin:/usr/local/bin:/usr/sbin:/usr/bin:/sbin:/bin:/usr/games:/usr/local/games:/snap/bin:/home/aluno/.dotnet/tools:/home/aluno/.dotnet/tools
SHELL=/bin/bash
DISPLAY=:0
LANG=pt_BR.UTF-8

Active Locale:
LC_ALL=pt_BR.UTF-8
LC_COLLATE=pt_BR.UTF-8
LC_CTYPE=pt_BR.UTF-8
LC_MESSAGES=pt_BR.UTF-8
LC_MONETARY=pt_BR.UTF-8
LC_NUMERIC=pt_BR.UTF-8
LC_TIME=pt_BR.UTF-8

Signal Handlers:
   SIGSEGV: crash_handler in libjvm.so, mask=11100100010111111101111111111110, flags=SA_RESTART|SA_SIGINFO, unblocked
    SIGBUS: crash_handler in libjvm.so, mask=11100100010111111101111111111110, flags=SA_RESTART|SA_SIGINFO, unblocked
    SIGFPE: crash_handler in libjvm.so, mask=11100100010111111101111111111110, flags=SA_RESTART|SA_SIGINFO, unblocked
   SIGPIPE: javaSignalHandler in libjvm.so, mask=11100100010111111101111111111110, flags=SA_RESTART|SA_SIGINFO, blocked
   SIGXFSZ: javaSignalHandler in libjvm.so, mask=11100100010111111101111111111110, flags=SA_RESTART|SA_SIGINFO, blocked
    SIGILL: crash_handler in libjvm.so, mask=11100100010111111101111111111110, flags=SA_RESTART|SA_SIGINFO, unblocked
   SIGUSR2: SR_handler in libjvm.so, mask=00000000000000000000000000000000, flags=SA_RESTART|SA_SIGINFO, blocked
    SIGHUP: UserHandler in libjvm.so, mask=11100100010111111101111111111110, flags=SA_RESTART|SA_SIGINFO, blocked
    SIGINT: UserHandler in libjvm.so, mask=11100100010111111101111111111110, flags=SA_RESTART|SA_SIGINFO, blocked
   SIGTERM: UserHandler in libjvm.so, mask=11100100010111111101111111111110, flags=SA_RESTART|SA_SIGINFO, blocked
   SIGQUIT: UserHandler in libjvm.so, mask=11100100010111111101111111111110, flags=SA_RESTART|SA_SIGINFO, blocked
   SIGTRAP: crash_handler in libjvm.so, mask=11100100010111111101111111111110, flags=SA_RESTART|SA_SIGINFO, unblocked


Periodic native trim disabled

---------------  S Y S T E M  ---------------

OS:
DISTRIB_ID=LinuxMint
DISTRIB_RELEASE=21.2
DISTRIB_CODENAME=victoria
DISTRIB_DESCRIPTION="Linux Mint 21.2 Victoria"
uname: Linux 5.15.0-151-generic #161-Ubuntu SMP Tue Jul 22 14:25:40 UTC 2025 x86_64
OS uptime: 0 days 1:08 hours
libc: glibc 2.35 NPTL 2.35 
rlimit (soft/hard): STACK 8192k/infinity , CORE 0k/infinity , NPROC 30887/30887 , NOFILE 1048576/1048576 , AS infinity/infinity , CPU infinity/infinity , DATA infinity/infinity , FSIZE infinity/infinity , MEMLOCK 1004836k/1004836k
load average: 2,16 1,11 0,75

/proc/meminfo:
MemTotal:        8038688 kB
MemFree:         1562000 kB
MemAvailable:    4316452 kB
Buffers:          104964 kB
Cached:          3169448 kB
SwapCached:           36 kB
Active:          1669292 kB
Inactive:        4238896 kB
Active(anon):       8252 kB
Inactive(anon):  2978792 kB
Active(file):    1661040 kB
Inactive(file):  1260104 kB
Unevictable:      234096 kB
Mlocked:             200 kB
SwapTotal:       2097148 kB
SwapFree:        2095868 kB
Dirty:              1504 kB
Writeback:             0 kB
AnonPages:       2867928 kB
Mapped:           932240 kB
Shmem:            353268 kB
KReclaimable:     108300 kB
Slab:             202288 kB
SReclaimable:     108300 kB
SUnreclaim:        93988 kB
KernelStack:       15536 kB
PageTables:        40188 kB
NFS_Unstable:          0 kB
Bounce:                0 kB
WritebackTmp:          0 kB
CommitLimit:     6116492 kB
Committed_AS:   16264488 kB
VmallocTotal:   34359738367 kB
VmallocUsed:       48880 kB
VmallocChunk:          0 kB
Percpu:             3312 kB
HardwareCorrupted:     0 kB
AnonHugePages:         0 kB
ShmemHugePages:        0 kB
ShmemPmdMapped:        0 kB
FileHugePages:         0 kB
FilePmdMapped:         0 kB
HugePages_Total:       0
HugePages_Free:        0
HugePages_Rsvd:        0
HugePages_Surp:        0
Hugepagesize:       2048 kB
Hugetlb:               0 kB
DirectMap4k:      285520 kB
DirectMap2M:     4868096 kB
DirectMap1G:     3145728 kB

/sys/kernel/mm/transparent_hugepage/enabled: always [madvise] never
/sys/kernel/mm/transparent_hugepage/hpage_pmd_size: 2097152
/sys/kernel/mm/transparent_hugepage/defrag (defrag/compaction efforts parameter): always defer defer+madvise [madvise] never

Process Memory:
Virtual Size: 5384140K (peak: 5445148K)
Resident Set Size: 159720K (peak: 163120K) (anon: 127060K, file: 32660K, shmem: 0K)
Swapped out: 0K
C-Heap outstanding allocations: 50434K, retained: 7933K
glibc malloc tunables: (default)

/proc/sys/kernel/threads-max (system-wide limit on the number of threads): 61774
/proc/sys/vm/max_map_count (maximum number of memory map areas a process may have): 65530
/proc/sys/vm/swappiness (control to define how aggressively the kernel swaps out anonymous memory): 60
/proc/sys/kernel/pid_max (system-wide limit on number of process identifiers): 4194304

container (cgroup) information:
container_type: cgroupv2
cpu_cpuset_cpus: not supported
cpu_memory_nodes: not supported
active_processor_count: 4
cpu_quota: not supported
cpu_period: not supported
cpu_shares: not supported
memory_limit_in_bytes: unlimited
memory_and_swap_limit_in_bytes: unlimited
memory_soft_limit_in_bytes: 0
memory_usage_in_bytes: 4670532 k
memory_max_usage_in_bytes: not supported
memory_swap_current_in_bytes: 480 k
memory_swap_max_limit_in_bytes: unlimited
maximum number of tasks: unlimited
current number of tasks: 523

Steal ticks since vm start: 0
Steal ticks percentage since vm start:  0,000

CPU: total 4 (initial active 4) (4 cores per cpu, 1 threads per core) family 6 model 94 stepping 3 microcode 0xf0, cx8, cmov, fxsr, mmx, 3dnowpref, sse, sse2, sse3, ssse3, sse4.1, sse4.2, popcnt, lzcnt, tsc, tscinvbit, avx, avx2, aes, erms, clmul, bmi1, bmi2, adx, fma, vzeroupper, clflush, clflushopt, rdtscp, f16c
CPU Model and flags from /proc/cpuinfo:
model name	: Intel(R) Core(TM) i5-6600T CPU @ 2.70GHz
flags		: fpu vme de pse tsc msr pae mce cx8 apic sep mtrr pge mca cmov pat pse36 clflush dts acpi mmx fxsr sse sse2 ss ht tm pbe syscall nx pdpe1gb rdtscp lm constant_tsc art arch_perfmon pebs bts rep_good nopl xtopology nonstop_tsc cpuid aperfmperf pni pclmulqdq dtes64 monitor ds_cpl vmx smx est tm2 ssse3 sdbg fma cx16 xtpr pdcm pcid sse4_1 sse4_2 x2apic movbe popcnt tsc_deadline_timer aes xsave avx f16c rdrand lahf_lm abm 3dnowprefetch cpuid_fault invpcid_single pti ssbd ibrs ibpb stibp tpr_shadow vnmi flexpriority ept vpid ept_ad fsgsbase tsc_adjust bmi1 avx2 smep bmi2 erms invpcid mpx rdseed adx smap clflushopt intel_pt xsaveopt xsavec xgetbv1 xsaves dtherm ida arat pln pts hwp hwp_notify hwp_act_window hwp_epp md_clear flush_l1d arch_capabilities

Online cpus: 0-3
Offline cpus: 
BIOS frequency limitation: <Not Available>
Frequency switch latency (ns): 0
Available cpu frequencies: <Not Available>
Current governor: powersave
Core performance/turbo boost: <Not Available>

Memory: 4k page, physical 8038688k(4316452k free), swap 2097148k(2095868k free)
Page Sizes: 4k

vm_info: OpenJDK 64-Bit Server VM (21.0.8+9-LTS) for linux-amd64 JRE (21.0.8+9-LTS), built on 2025-07-15T00:00:00Z by "admin" with gcc 11.3.0

END.
